<?xml version="1.0" encoding="UTF-8"?>
<coverage generated="1701256493853" clover="3.2.0">
  <project timestamp="1701256493853" name="All files">
    <metrics statements="255" coveredstatements="255" conditionals="128" coveredconditionals="128" methods="55" coveredmethods="53" elements="438" coveredelements="436" complexity="0" loc="255" ncloc="255" packages="7" files="18" classes="18"/>
    <package name="src">
      <metrics statements="5" coveredstatements="5" conditionals="0" coveredconditionals="0" methods="4" coveredmethods="3"/>
      <file name="index.ts" path="C:\Users\missa\Desktop\annil\src\index.ts">
        <metrics statements="5" coveredstatements="5" conditionals="0" coveredconditionals="0" methods="4" coveredmethods="3"/>
        <line num="5" count="10" type="stmt"/>
        <line num="7" count="10" type="stmt"/>
        <line num="9" count="10" type="stmt"/>
        <line num="11" count="10" type="stmt"/>
        <line num="17" count="20" type="stmt"/>
      </file>
    </package>
    <package name="src.api.DefineComponent">
      <metrics statements="55" coveredstatements="55" conditionals="31" coveredconditionals="31" methods="16" coveredmethods="16"/>
      <file name="collectOptionsForComponent.ts" path="C:\Users\missa\Desktop\annil\src\api\DefineComponent\collectOptionsForComponent.ts">
        <metrics statements="52" coveredstatements="52" conditionals="31" coveredconditionals="31" methods="15" coveredmethods="15"/>
        <line num="2" count="10" type="stmt"/>
        <line num="3" count="10" type="stmt"/>
        <line num="4" count="10" type="stmt"/>
        <line num="6" count="10" type="stmt"/>
        <line num="7" count="10" type="stmt"/>
        <line num="8" count="10" type="stmt"/>
        <line num="9" count="10" type="stmt"/>
        <line num="76" count="10" type="stmt"/>
        <line num="94" count="30" type="stmt"/>
        <line num="95" count="19" type="stmt"/>
        <line num="96" count="37" type="stmt"/>
        <line num="116" count="10" type="cond" truecount="4" falsecount="0"/>
        <line num="118" count="10" type="cond" truecount="4" falsecount="0"/>
        <line num="127" count="20" type="stmt"/>
        <line num="129" count="60" type="cond" truecount="1" falsecount="0"/>
        <line num="130" count="13" type="stmt"/>
        <line num="131" count="24" type="cond" truecount="2" falsecount="0"/>
        <line num="135" count="60" type="stmt"/>
        <line num="144" count="20" type="stmt"/>
        <line num="145" count="27" type="stmt"/>
        <line num="146" count="27" type="cond" truecount="2" falsecount="0"/>
        <line num="151" count="24" type="cond" truecount="2" falsecount="0"/>
        <line num="162" count="2" type="stmt"/>
        <line num="169" count="9" type="stmt"/>
        <line num="170" count="10" type="cond" truecount="2" falsecount="0"/>
        <line num="172" count="10" type="stmt"/>
        <line num="174" count="10" type="stmt"/>
        <line num="182" count="2" type="stmt"/>
        <line num="195" count="1" type="stmt"/>
        <line num="196" count="2" type="stmt"/>
        <line num="198" count="2" type="cond" truecount="2" falsecount="0"/>
        <line num="199" count="1" type="stmt"/>
        <line num="200" count="1" type="stmt"/>
        <line num="203" count="1" type="stmt"/>
        <line num="204" count="1" type="stmt"/>
        <line num="221" count="10" type="cond" truecount="2" falsecount="0"/>
        <line num="223" count="10" type="stmt"/>
        <line num="225" count="10" type="cond" truecount="2" falsecount="0"/>
        <line num="227" count="10" type="stmt"/>
        <line num="229" count="10" type="stmt"/>
        <line num="231" count="10" type="stmt"/>
        <line num="239" count="10" type="stmt"/>
        <line num="243" count="10" type="stmt"/>
        <line num="257" count="10" type="stmt"/>
        <line num="263" count="10" type="cond" truecount="3" falsecount="0"/>
        <line num="264" count="10" type="stmt"/>
        <line num="267" count="10" type="cond" truecount="3" falsecount="0"/>
        <line num="268" count="9" type="stmt"/>
        <line num="276" count="10" type="cond" truecount="2" falsecount="0"/>
        <line num="279" count="10" type="stmt"/>
        <line num="281" count="10" type="stmt"/>
        <line num="289" count="10" type="stmt"/>
      </file>
      <file name="index.ts" path="C:\Users\missa\Desktop\annil\src\api\DefineComponent\index.ts">
        <metrics statements="3" coveredstatements="3" conditionals="0" coveredconditionals="0" methods="1" coveredmethods="1"/>
        <line num="15" count="10" type="stmt"/>
        <line num="72" count="10" type="stmt"/>
        <line num="73" count="10" type="stmt"/>
      </file>
    </package>
    <package name="src.api.RootComponent">
      <metrics statements="2" coveredstatements="2" conditionals="0" coveredconditionals="0" methods="2" coveredmethods="2"/>
      <file name="index.ts" path="C:\Users\missa\Desktop\annil\src\api\RootComponent\index.ts">
        <metrics statements="2" coveredstatements="2" conditionals="0" coveredconditionals="0" methods="2" coveredmethods="2"/>
        <line num="134" count="10" type="stmt"/>
        <line num="140" count="10" type="stmt"/>
      </file>
    </package>
    <package name="src.api.SubComponent">
      <metrics statements="2" coveredstatements="2" conditionals="0" coveredconditionals="0" methods="2" coveredmethods="2"/>
      <file name="index.ts" path="C:\Users\missa\Desktop\annil\src\api\SubComponent\index.ts">
        <metrics statements="2" coveredstatements="2" conditionals="0" coveredconditionals="0" methods="2" coveredmethods="2"/>
        <line num="194" count="10" type="stmt"/>
        <line num="199" count="10" type="stmt"/>
      </file>
    </package>
    <package name="src.behaviors">
      <metrics statements="21" coveredstatements="21" conditionals="10" coveredconditionals="10" methods="6" coveredmethods="5"/>
      <file name="BStore.ts" path="C:\Users\missa\Desktop\annil\src\behaviors\BStore.ts">
        <metrics statements="18" coveredstatements="18" conditionals="8" coveredconditionals="8" methods="5" coveredmethods="4"/>
        <line num="3" count="10" type="stmt"/>
        <line num="6" count="10" type="stmt"/>
        <line num="9" count="10" type="stmt"/>
        <line num="10" count="10" type="cond" truecount="1" falsecount="0"/>
        <line num="11" count="1" type="stmt"/>
        <line num="12" count="1" type="stmt"/>
        <line num="13" count="2" type="cond" truecount="2" falsecount="0"/>
        <line num="15" count="2" type="stmt"/>
        <line num="21" count="2" type="stmt"/>
        <line num="23" count="2" type="stmt"/>
        <line num="30" count="10" type="cond" truecount="4" falsecount="0"/>
        <line num="31" count="10" type="cond" truecount="1" falsecount="0"/>
        <line num="32" count="1" type="stmt"/>
        <line num="34" count="1" type="stmt"/>
        <line num="36" count="1" type="stmt"/>
        <line num="38" count="2" type="stmt"/>
        <line num="42" count="2" type="stmt"/>
        <line num="51" count="1" type="stmt"/>
      </file>
      <file name="BbeforeCreated.ts" path="C:\Users\missa\Desktop\annil\src\behaviors\BbeforeCreated.ts">
        <metrics statements="3" coveredstatements="3" conditionals="2" coveredconditionals="2" methods="1" coveredmethods="1"/>
        <line num="3" count="10" type="stmt"/>
        <line num="6" count="10" type="stmt"/>
        <line num="8" count="10" type="cond" truecount="2" falsecount="0"/>
      </file>
    </package>
    <package name="src.behaviors.BComputedAndWatch">
      <metrics statements="154" coveredstatements="154" conditionals="73" coveredconditionals="73" methods="22" coveredmethods="22"/>
      <file name="IsPage.ts" path="C:\Users\missa\Desktop\annil\src\behaviors\BComputedAndWatch\IsPage.ts">
        <metrics statements="2" coveredstatements="2" conditionals="0" coveredconditionals="0" methods="1" coveredmethods="1"/>
        <line num="3" count="10" type="stmt"/>
        <line num="4" count="10" type="stmt"/>
      </file>
      <file name="computedUpdater.ts" path="C:\Users\missa\Desktop\annil\src\behaviors\BComputedAndWatch\computedUpdater.ts">
        <metrics statements="20" coveredstatements="20" conditionals="3" coveredconditionals="3" methods="1" coveredmethods="1"/>
        <line num="1" count="10" type="stmt"/>
        <line num="2" count="10" type="stmt"/>
        <line num="5" count="10" type="stmt"/>
        <line num="8" count="10" type="cond" truecount="1" falsecount="0"/>
        <line num="13" count="16" type="stmt"/>
        <line num="16" count="65" type="stmt"/>
        <line num="17" count="65" type="stmt"/>
        <line num="18" count="65" type="stmt"/>
        <line num="19" count="77" type="stmt"/>
        <line num="22" count="77" type="cond" truecount="1" falsecount="0"/>
        <line num="23" count="12" type="stmt"/>
        <line num="25" count="12" type="stmt"/>
        <line num="29" count="65" type="cond" truecount="1" falsecount="0"/>
        <line num="30" count="12" type="stmt"/>
        <line num="32" count="12" type="stmt"/>
        <line num="37" count="12" type="stmt"/>
        <line num="41" count="12" type="stmt"/>
        <line num="44" count="12" type="stmt"/>
        <line num="47" count="12" type="stmt"/>
        <line num="51" count="4" type="stmt"/>
      </file>
      <file name="data-tracer.ts" path="C:\Users\missa\Desktop\annil\src\behaviors\BComputedAndWatch\data-tracer.ts">
        <metrics statements="22" coveredstatements="22" conditionals="16" coveredconditionals="16" methods="3" coveredmethods="3"/>
        <line num="3" count="10" type="stmt"/>
        <line num="8" count="66" type="stmt"/>
        <line num="13" count="84" type="cond" truecount="1" falsecount="0"/>
        <line num="15" count="70" type="stmt"/>
        <line num="20" count="70" type="cond" truecount="1" falsecount="0"/>
        <line num="22" count="11" type="stmt"/>
        <line num="24" count="11" type="cond" truecount="1" falsecount="0"/>
        <line num="26" count="11" type="stmt"/>
        <line num="29" count="70" type="stmt"/>
        <line num="31" count="70" type="stmt"/>
        <line num="34" count="70" type="cond" truecount="3" falsecount="0"/>
        <line num="36" count="12" type="cond" truecount="2" falsecount="0"/>
        <line num="39" count="58" type="cond" truecount="3" falsecount="0"/>
        <line num="41" count="27" type="stmt"/>
        <line num="45" count="66" type="stmt"/>
        <line num="48" count="10" type="stmt"/>
        <line num="50" count="100" type="cond" truecount="3" falsecount="0"/>
        <line num="51" count="58" type="stmt"/>
        <line num="54" count="42" type="stmt"/>
        <line num="55" count="42" type="cond" truecount="1" falsecount="0"/>
        <line num="56" count="14" type="stmt"/>
        <line num="59" count="42" type="stmt"/>
      </file>
      <file name="getPathsValue.ts" path="C:\Users\missa\Desktop\annil\src\behaviors\BComputedAndWatch\getPathsValue.ts">
        <metrics statements="5" coveredstatements="5" conditionals="0" coveredconditionals="0" methods="2" coveredmethods="2"/>
        <line num="3" count="10" type="stmt"/>
        <line num="4" count="91" type="stmt"/>
        <line num="6" count="113" type="stmt"/>
        <line num="7" count="113" type="stmt"/>
        <line num="9" count="4" type="stmt"/>
      </file>
      <file name="index.ts" path="C:\Users\missa\Desktop\annil\src\behaviors\BComputedAndWatch\index.ts">
        <metrics statements="50" coveredstatements="50" conditionals="28" coveredconditionals="28" methods="8" coveredmethods="8"/>
        <line num="3" count="10" type="stmt"/>
        <line num="4" count="10" type="stmt"/>
        <line num="6" count="10" type="stmt"/>
        <line num="7" count="10" type="stmt"/>
        <line num="8" count="10" type="stmt"/>
        <line num="9" count="10" type="stmt"/>
        <line num="10" count="10" type="stmt"/>
        <line num="13" count="3" type="stmt"/>
        <line num="14" count="3" type="stmt"/>
        <line num="15" count="14" type="stmt"/>
        <line num="18" count="3" type="stmt"/>
        <line num="34" count="10" type="stmt"/>
        <line num="36" count="10" type="stmt"/>
        <line num="39" count="10" type="cond" truecount="3" falsecount="0"/>
        <line num="43" count="4" type="stmt"/>
        <line num="46" count="4" type="stmt"/>
        <line num="48" count="4" type="cond" truecount="2" falsecount="0"/>
        <line num="50" count="4" type="stmt"/>
        <line num="52" count="4" type="stmt"/>
        <line num="53" count="27" type="stmt"/>
        <line num="54" count="27" type="cond" truecount="4" falsecount="0"/>
        <line num="57" count="2" type="cond" truecount="1" falsecount="0"/>
        <line num="59" count="2" type="stmt"/>
        <line num="63" count="18" type="stmt"/>
        <line num="67" count="4" type="stmt"/>
        <line num="68" count="4" type="cond" truecount="2" falsecount="0"/>
        <line num="70" count="3" type="stmt"/>
        <line num="73" count="1" type="cond" truecount="1" falsecount="0"/>
        <line num="76" count="4" type="stmt"/>
        <line num="81" count="3" type="stmt"/>
        <line num="83" count="3" type="cond" truecount="1" falsecount="0"/>
        <line num="85" count="3" type="stmt"/>
        <line num="91" count="10" type="stmt"/>
        <line num="92" count="10" type="cond" truecount="3" falsecount="0"/>
        <line num="97" count="3" type="stmt"/>
        <line num="99" count="3" type="cond" truecount="2" falsecount="0"/>
        <line num="100" count="3" type="stmt"/>
        <line num="101" count="14" type="stmt"/>
        <line num="103" count="14" type="stmt"/>
        <line num="104" count="27" type="stmt"/>
        <line num="105" count="27" type="stmt"/>
        <line num="107" count="27" type="cond" truecount="3" falsecount="0"/>
        <line num="108" count="25" type="stmt"/>
        <line num="110" count="25" type="stmt"/>
        <line num="118" count="10" type="cond" truecount="4" falsecount="0"/>
        <line num="120" count="10" type="stmt"/>
        <line num="122" count="10" type="cond" truecount="1" falsecount="0"/>
        <line num="124" count="3" type="stmt"/>
        <line num="128" count="10" type="cond" truecount="1" falsecount="0"/>
        <line num="130" count="10" type="stmt"/>
      </file>
      <file name="initComputed.ts" path="C:\Users\missa\Desktop\annil\src\behaviors\BComputedAndWatch\initComputed.ts">
        <metrics statements="44" coveredstatements="44" conditionals="17" coveredconditionals="17" methods="6" coveredmethods="6"/>
        <line num="5" count="10" type="stmt"/>
        <line num="6" count="10" type="stmt"/>
        <line num="7" count="10" type="stmt"/>
        <line num="20" count="27" type="stmt"/>
        <line num="23" count="37" type="cond" truecount="3" falsecount="0"/>
        <line num="24" count="9" type="stmt"/>
        <line num="28" count="18" type="stmt"/>
        <line num="31" count="10" type="stmt"/>
        <line num="38" count="27" type="stmt"/>
        <line num="41" count="27" type="stmt"/>
        <line num="55" count="27" type="cond" truecount="2" falsecount="0"/>
        <line num="57" count="18" type="stmt"/>
        <line num="59" count="18" type="stmt"/>
        <line num="63" count="18" type="stmt"/>
        <line num="68" count="9" type="stmt"/>
        <line num="82" count="20" type="cond" truecount="1" falsecount="0"/>
        <line num="85" count="6" type="stmt"/>
        <line num="86" count="12" type="stmt"/>
        <line num="87" count="12" type="stmt"/>
        <line num="88" count="10" type="stmt"/>
        <line num="90" count="10" type="cond" truecount="1" falsecount="0"/>
        <line num="94" count="1" type="stmt"/>
        <line num="96" count="1" type="stmt"/>
        <line num="98" count="9" type="cond" truecount="1" falsecount="0"/>
        <line num="102" count="1" type="stmt"/>
        <line num="104" count="1" type="stmt"/>
        <line num="109" count="4" type="stmt"/>
        <line num="125" count="8" type="stmt"/>
        <line num="126" count="27" type="stmt"/>
        <line num="129" count="102" type="stmt"/>
        <line num="131" count="27" type="cond" truecount="2" falsecount="0"/>
        <line num="133" count="9" type="stmt"/>
        <line num="135" count="18" type="stmt"/>
        <line num="144" count="8" type="cond" truecount="1" falsecount="0"/>
        <line num="145" count="4" type="stmt"/>
        <line num="149" count="4" type="stmt"/>
        <line num="151" count="10" type="stmt"/>
        <line num="152" count="10" type="cond" truecount="4" falsecount="0"/>
        <line num="154" count="10" type="stmt"/>
        <line num="156" count="10" type="cond" truecount="1" falsecount="0"/>
        <line num="158" count="4" type="stmt"/>
        <line num="161" count="4" type="stmt"/>
        <line num="169" count="4" type="stmt"/>
        <line num="171" count="4" type="stmt"/>
      </file>
      <file name="isEqual.ts" path="C:\Users\missa\Desktop\annil\src\behaviors\BComputedAndWatch\isEqual.ts">
        <metrics statements="11" coveredstatements="11" conditionals="9" coveredconditionals="9" methods="1" coveredmethods="1"/>
        <line num="4" count="10" type="stmt"/>
        <line num="5" count="121" type="cond" truecount="1" falsecount="0"/>
        <line num="6" count="69" type="stmt"/>
        <line num="9" count="52" type="cond" truecount="5" falsecount="0"/>
        <line num="10" count="37" type="stmt"/>
        <line num="12" count="15" type="stmt"/>
        <line num="13" count="15" type="stmt"/>
        <line num="20" count="15" type="stmt"/>
        <line num="21" count="19" type="cond" truecount="3" falsecount="0"/>
        <line num="22" count="11" type="stmt"/>
        <line num="26" count="4" type="stmt"/>
      </file>
    </package>
    <package name="src.utils">
      <metrics statements="16" coveredstatements="16" conditionals="14" coveredconditionals="14" methods="3" coveredmethods="3"/>
      <file name="InnerMarker.ts" path="C:\Users\missa\Desktop\annil\src\utils\InnerMarker.ts">
        <metrics statements="1" coveredstatements="1" conditionals="0" coveredconditionals="0" methods="0" coveredmethods="0"/>
        <line num="1" count="10" type="stmt"/>
      </file>
      <file name="deepClone.ts" path="C:\Users\missa\Desktop\annil\src\utils\deepClone.ts">
        <metrics statements="9" coveredstatements="9" conditionals="6" coveredconditionals="6" methods="1" coveredmethods="1"/>
        <line num="4" count="10" type="stmt"/>
        <line num="5" count="304" type="cond" truecount="3" falsecount="0"/>
        <line num="6" count="181" type="stmt"/>
        <line num="8" count="123" type="cond" truecount="2" falsecount="0"/>
        <line num="10" count="123" type="stmt"/>
        <line num="12" count="123" type="stmt"/>
        <line num="13" count="255" type="cond" truecount="1" falsecount="0"/>
        <line num="14" count="255" type="stmt"/>
        <line num="18" count="123" type="stmt"/>
      </file>
      <file name="deleteProtoField.ts" path="C:\Users\missa\Desktop\annil\src\utils\deleteProtoField.ts">
        <metrics statements="2" coveredstatements="2" conditionals="0" coveredconditionals="0" methods="1" coveredmethods="1"/>
        <line num="4" count="10" type="stmt"/>
        <line num="5" count="21" type="stmt"/>
      </file>
      <file name="isEmptyObject.ts" path="C:\Users\missa\Desktop\annil\src\utils\isEmptyObject.ts">
        <metrics statements="4" coveredstatements="4" conditionals="8" coveredconditionals="8" methods="1" coveredmethods="1"/>
        <line num="4" count="10" type="stmt"/>
        <line num="5" count="43" type="cond" truecount="1" falsecount="0"/>
        <line num="9" count="9" type="stmt"/>
        <line num="12" count="34" type="stmt"/>
      </file>
    </package>
  </project>
</coverage>
