<?xml version="1.0" encoding="UTF-8"?>
<coverage generated="1701041843020" clover="3.2.0">
  <project timestamp="1701041843020" name="All files">
    <metrics statements="271" coveredstatements="271" conditionals="135" coveredconditionals="135" methods="50" coveredmethods="48" elements="456" coveredelements="454" complexity="0" loc="271" ncloc="271" packages="7" files="25" classes="25"/>
    <package name="src">
      <metrics statements="5" coveredstatements="5" conditionals="0" coveredconditionals="0" methods="4" coveredmethods="3"/>
      <file name="index.ts" path="C:\Users\missa\Desktop\annil\src\index.ts">
        <metrics statements="5" coveredstatements="5" conditionals="0" coveredconditionals="0" methods="4" coveredmethods="3"/>
        <line num="5" count="10" type="stmt"/>
        <line num="7" count="10" type="stmt"/>
        <line num="9" count="10" type="stmt"/>
        <line num="11" count="10" type="stmt"/>
        <line num="17" count="20" type="stmt"/>
      </file>
    </package>
    <package name="src.api.DefineComponent">
      <metrics statements="23" coveredstatements="23" conditionals="8" coveredconditionals="8" methods="1" coveredmethods="1"/>
      <file name="index.ts" path="C:\Users\missa\Desktop\annil\src\api\DefineComponent\index.ts">
        <metrics statements="23" coveredstatements="23" conditionals="8" coveredconditionals="8" methods="1" coveredmethods="1"/>
        <line num="3" count="10" type="stmt"/>
        <line num="4" count="10" type="stmt"/>
        <line num="5" count="10" type="stmt"/>
        <line num="6" count="10" type="stmt"/>
        <line num="8" count="10" type="stmt"/>
        <line num="9" count="10" type="stmt"/>
        <line num="10" count="10" type="stmt"/>
        <line num="11" count="10" type="stmt"/>
        <line num="12" count="10" type="stmt"/>
        <line num="22" count="10" type="stmt"/>
        <line num="23" count="10" type="stmt"/>
        <line num="91" count="10" type="stmt"/>
        <line num="92" count="10" type="stmt"/>
        <line num="95" count="10" type="stmt"/>
        <line num="109" count="10" type="stmt"/>
        <line num="111" count="10" type="cond" truecount="3" falsecount="0"/>
        <line num="112" count="10" type="stmt"/>
        <line num="115" count="10" type="cond" truecount="3" falsecount="0"/>
        <line num="116" count="9" type="stmt"/>
        <line num="124" count="10" type="cond" truecount="2" falsecount="0"/>
        <line num="126" count="10" type="stmt"/>
        <line num="128" count="10" type="stmt"/>
        <line num="136" count="10" type="stmt"/>
      </file>
    </package>
    <package name="src.api.RootComponent">
      <metrics statements="2" coveredstatements="2" conditionals="0" coveredconditionals="0" methods="2" coveredmethods="2"/>
      <file name="index.ts" path="C:\Users\missa\Desktop\annil\src\api\RootComponent\index.ts">
        <metrics statements="2" coveredstatements="2" conditionals="0" coveredconditionals="0" methods="2" coveredmethods="2"/>
        <line num="132" count="10" type="stmt"/>
        <line num="138" count="10" type="stmt"/>
      </file>
    </package>
    <package name="src.api.SubComponent">
      <metrics statements="2" coveredstatements="2" conditionals="0" coveredconditionals="0" methods="2" coveredmethods="2"/>
      <file name="index.ts" path="C:\Users\missa\Desktop\annil\src\api\SubComponent\index.ts">
        <metrics statements="2" coveredstatements="2" conditionals="0" coveredconditionals="0" methods="2" coveredmethods="2"/>
        <line num="194" count="10" type="stmt"/>
        <line num="199" count="10" type="stmt"/>
      </file>
    </package>
    <package name="src.behaviors">
      <metrics statements="21" coveredstatements="21" conditionals="14" coveredconditionals="14" methods="6" coveredmethods="5"/>
      <file name="BStore.ts" path="C:\Users\missa\Desktop\annil\src\behaviors\BStore.ts">
        <metrics statements="18" coveredstatements="18" conditionals="8" coveredconditionals="8" methods="5" coveredmethods="4"/>
        <line num="3" count="10" type="stmt"/>
        <line num="6" count="10" type="stmt"/>
        <line num="9" count="10" type="stmt"/>
        <line num="10" count="10" type="cond" truecount="1" falsecount="0"/>
        <line num="11" count="1" type="stmt"/>
        <line num="12" count="1" type="stmt"/>
        <line num="13" count="2" type="cond" truecount="2" falsecount="0"/>
        <line num="15" count="2" type="stmt"/>
        <line num="21" count="2" type="stmt"/>
        <line num="23" count="2" type="stmt"/>
        <line num="30" count="10" type="cond" truecount="4" falsecount="0"/>
        <line num="31" count="10" type="cond" truecount="1" falsecount="0"/>
        <line num="32" count="1" type="stmt"/>
        <line num="34" count="1" type="stmt"/>
        <line num="36" count="1" type="stmt"/>
        <line num="38" count="2" type="stmt"/>
        <line num="42" count="2" type="stmt"/>
        <line num="51" count="1" type="stmt"/>
      </file>
      <file name="BbeforeCreated.ts" path="C:\Users\missa\Desktop\annil\src\behaviors\BbeforeCreated.ts">
        <metrics statements="3" coveredstatements="3" conditionals="6" coveredconditionals="6" methods="1" coveredmethods="1"/>
        <line num="3" count="10" type="stmt"/>
        <line num="6" count="10" type="cond" truecount="4" falsecount="0"/>
        <line num="8" count="10" type="cond" truecount="2" falsecount="0"/>
      </file>
    </package>
    <package name="src.behaviors.BComputedAndWatch">
      <metrics statements="125" coveredstatements="125" conditionals="70" coveredconditionals="70" methods="18" coveredmethods="18"/>
      <file name="IsPage.ts" path="C:\Users\missa\Desktop\annil\src\behaviors\BComputedAndWatch\IsPage.ts">
        <metrics statements="2" coveredstatements="2" conditionals="0" coveredconditionals="0" methods="1" coveredmethods="1"/>
        <line num="3" count="10" type="stmt"/>
        <line num="4" count="10" type="stmt"/>
      </file>
      <file name="data-tracer.ts" path="C:\Users\missa\Desktop\annil\src\behaviors\BComputedAndWatch\data-tracer.ts">
        <metrics statements="22" coveredstatements="22" conditionals="16" coveredconditionals="16" methods="3" coveredmethods="3"/>
        <line num="3" count="10" type="stmt"/>
        <line num="8" count="66" type="stmt"/>
        <line num="13" count="84" type="cond" truecount="1" falsecount="0"/>
        <line num="15" count="70" type="stmt"/>
        <line num="20" count="70" type="cond" truecount="1" falsecount="0"/>
        <line num="22" count="11" type="stmt"/>
        <line num="24" count="11" type="cond" truecount="1" falsecount="0"/>
        <line num="26" count="11" type="stmt"/>
        <line num="29" count="70" type="stmt"/>
        <line num="31" count="70" type="stmt"/>
        <line num="34" count="70" type="cond" truecount="3" falsecount="0"/>
        <line num="36" count="12" type="cond" truecount="2" falsecount="0"/>
        <line num="39" count="58" type="cond" truecount="3" falsecount="0"/>
        <line num="41" count="27" type="stmt"/>
        <line num="45" count="66" type="stmt"/>
        <line num="48" count="10" type="stmt"/>
        <line num="50" count="100" type="cond" truecount="3" falsecount="0"/>
        <line num="51" count="58" type="stmt"/>
        <line num="54" count="42" type="stmt"/>
        <line num="55" count="42" type="cond" truecount="1" falsecount="0"/>
        <line num="56" count="14" type="stmt"/>
        <line num="59" count="42" type="stmt"/>
      </file>
      <file name="index.ts" path="C:\Users\missa\Desktop\annil\src\behaviors\BComputedAndWatch\index.ts">
        <metrics statements="46" coveredstatements="46" conditionals="28" coveredconditionals="28" methods="7" coveredmethods="7"/>
        <line num="3" count="10" type="stmt"/>
        <line num="4" count="10" type="stmt"/>
        <line num="5" count="10" type="stmt"/>
        <line num="6" count="10" type="stmt"/>
        <line num="7" count="10" type="stmt"/>
        <line num="8" count="10" type="stmt"/>
        <line num="9" count="10" type="stmt"/>
        <line num="25" count="10" type="stmt"/>
        <line num="27" count="10" type="stmt"/>
        <line num="30" count="10" type="cond" truecount="3" falsecount="0"/>
        <line num="34" count="4" type="stmt"/>
        <line num="37" count="4" type="stmt"/>
        <line num="39" count="4" type="cond" truecount="2" falsecount="0"/>
        <line num="41" count="4" type="stmt"/>
        <line num="43" count="4" type="stmt"/>
        <line num="44" count="27" type="stmt"/>
        <line num="45" count="27" type="cond" truecount="4" falsecount="0"/>
        <line num="48" count="2" type="cond" truecount="1" falsecount="0"/>
        <line num="50" count="2" type="stmt"/>
        <line num="54" count="18" type="stmt"/>
        <line num="58" count="4" type="stmt"/>
        <line num="59" count="4" type="cond" truecount="2" falsecount="0"/>
        <line num="61" count="3" type="stmt"/>
        <line num="64" count="1" type="cond" truecount="1" falsecount="0"/>
        <line num="67" count="4" type="stmt"/>
        <line num="72" count="3" type="stmt"/>
        <line num="74" count="3" type="cond" truecount="1" falsecount="0"/>
        <line num="76" count="3" type="stmt"/>
        <line num="82" count="10" type="stmt"/>
        <line num="83" count="10" type="cond" truecount="3" falsecount="0"/>
        <line num="88" count="3" type="stmt"/>
        <line num="90" count="3" type="cond" truecount="2" falsecount="0"/>
        <line num="91" count="3" type="stmt"/>
        <line num="92" count="14" type="stmt"/>
        <line num="94" count="14" type="stmt"/>
        <line num="95" count="27" type="stmt"/>
        <line num="96" count="27" type="stmt"/>
        <line num="98" count="27" type="cond" truecount="3" falsecount="0"/>
        <line num="99" count="25" type="stmt"/>
        <line num="101" count="25" type="stmt"/>
        <line num="109" count="10" type="cond" truecount="4" falsecount="0"/>
        <line num="111" count="10" type="stmt"/>
        <line num="113" count="10" type="cond" truecount="1" falsecount="0"/>
        <line num="115" count="3" type="stmt"/>
        <line num="119" count="10" type="cond" truecount="1" falsecount="0"/>
        <line num="121" count="10" type="stmt"/>
      </file>
      <file name="initComputed.ts" path="C:\Users\missa\Desktop\annil\src\behaviors\BComputedAndWatch\initComputed.ts">
        <metrics statements="44" coveredstatements="44" conditionals="17" coveredconditionals="17" methods="6" coveredmethods="6"/>
        <line num="5" count="10" type="stmt"/>
        <line num="6" count="10" type="stmt"/>
        <line num="7" count="10" type="stmt"/>
        <line num="20" count="27" type="stmt"/>
        <line num="23" count="37" type="cond" truecount="3" falsecount="0"/>
        <line num="24" count="9" type="stmt"/>
        <line num="28" count="18" type="stmt"/>
        <line num="31" count="10" type="stmt"/>
        <line num="38" count="27" type="stmt"/>
        <line num="41" count="27" type="stmt"/>
        <line num="55" count="27" type="cond" truecount="2" falsecount="0"/>
        <line num="57" count="18" type="stmt"/>
        <line num="59" count="18" type="stmt"/>
        <line num="63" count="18" type="stmt"/>
        <line num="68" count="9" type="stmt"/>
        <line num="82" count="20" type="cond" truecount="1" falsecount="0"/>
        <line num="85" count="6" type="stmt"/>
        <line num="86" count="12" type="stmt"/>
        <line num="87" count="12" type="stmt"/>
        <line num="88" count="10" type="stmt"/>
        <line num="90" count="10" type="cond" truecount="1" falsecount="0"/>
        <line num="94" count="1" type="stmt"/>
        <line num="96" count="1" type="stmt"/>
        <line num="98" count="9" type="cond" truecount="1" falsecount="0"/>
        <line num="102" count="1" type="stmt"/>
        <line num="104" count="1" type="stmt"/>
        <line num="109" count="4" type="stmt"/>
        <line num="125" count="8" type="stmt"/>
        <line num="126" count="27" type="stmt"/>
        <line num="129" count="102" type="stmt"/>
        <line num="131" count="27" type="cond" truecount="2" falsecount="0"/>
        <line num="133" count="9" type="stmt"/>
        <line num="135" count="18" type="stmt"/>
        <line num="144" count="8" type="cond" truecount="1" falsecount="0"/>
        <line num="145" count="4" type="stmt"/>
        <line num="149" count="4" type="stmt"/>
        <line num="151" count="10" type="stmt"/>
        <line num="152" count="10" type="cond" truecount="4" falsecount="0"/>
        <line num="154" count="10" type="stmt"/>
        <line num="156" count="10" type="cond" truecount="1" falsecount="0"/>
        <line num="158" count="4" type="stmt"/>
        <line num="161" count="4" type="stmt"/>
        <line num="169" count="4" type="stmt"/>
        <line num="171" count="4" type="stmt"/>
      </file>
      <file name="isEqual.ts" path="C:\Users\missa\Desktop\annil\src\behaviors\BComputedAndWatch\isEqual.ts">
        <metrics statements="11" coveredstatements="11" conditionals="9" coveredconditionals="9" methods="1" coveredmethods="1"/>
        <line num="4" count="10" type="stmt"/>
        <line num="5" count="121" type="cond" truecount="1" falsecount="0"/>
        <line num="6" count="69" type="stmt"/>
        <line num="9" count="52" type="cond" truecount="5" falsecount="0"/>
        <line num="10" count="37" type="stmt"/>
        <line num="12" count="15" type="stmt"/>
        <line num="13" count="15" type="stmt"/>
        <line num="20" count="15" type="stmt"/>
        <line num="21" count="19" type="cond" truecount="3" falsecount="0"/>
        <line num="22" count="11" type="stmt"/>
        <line num="26" count="4" type="stmt"/>
      </file>
    </package>
    <package name="src.utils">
      <metrics statements="93" coveredstatements="93" conditionals="43" coveredconditionals="43" methods="17" coveredmethods="17"/>
      <file name="InnerMarker.ts" path="C:\Users\missa\Desktop\annil\src\utils\InnerMarker.ts">
        <metrics statements="1" coveredstatements="1" conditionals="0" coveredconditionals="0" methods="0" coveredmethods="0"/>
        <line num="1" count="10" type="stmt"/>
      </file>
      <file name="InternalFieldProtection.ts" path="C:\Users\missa\Desktop\annil\src\utils\InternalFieldProtection.ts">
        <metrics statements="2" coveredstatements="2" conditionals="0" coveredconditionals="0" methods="0" coveredmethods="0"/>
        <line num="4" count="10" type="stmt"/>
        <line num="10" count="10" type="stmt"/>
      </file>
      <file name="collector.ts" path="C:\Users\missa\Desktop\annil\src\utils\collector.ts">
        <metrics statements="12" coveredstatements="12" conditionals="8" coveredconditionals="8" methods="2" coveredmethods="2"/>
        <line num="8" count="10" type="stmt"/>
        <line num="13" count="13" type="stmt"/>
        <line num="14" count="24" type="stmt"/>
        <line num="16" count="24" type="cond" truecount="2" falsecount="0"/>
        <line num="17" count="24" type="cond" truecount="2" falsecount="0"/>
        <line num="19" count="24" type="stmt"/>
        <line num="24" count="10" type="stmt"/>
        <line num="28" count="20" type="stmt"/>
        <line num="29" count="42" type="stmt"/>
        <line num="32" count="42" type="cond" truecount="2" falsecount="0"/>
        <line num="36" count="3" type="stmt"/>
        <line num="38" count="39" type="cond" truecount="2" falsecount="0"/>
      </file>
      <file name="computedUpdater.ts" path="C:\Users\missa\Desktop\annil\src\utils\computedUpdater.ts">
        <metrics statements="20" coveredstatements="20" conditionals="3" coveredconditionals="3" methods="1" coveredmethods="1"/>
        <line num="1" count="10" type="stmt"/>
        <line num="3" count="10" type="stmt"/>
        <line num="5" count="10" type="stmt"/>
        <line num="7" count="10" type="cond" truecount="1" falsecount="0"/>
        <line num="12" count="16" type="stmt"/>
        <line num="15" count="65" type="stmt"/>
        <line num="16" count="65" type="stmt"/>
        <line num="17" count="65" type="stmt"/>
        <line num="18" count="77" type="stmt"/>
        <line num="21" count="77" type="cond" truecount="1" falsecount="0"/>
        <line num="22" count="12" type="stmt"/>
        <line num="24" count="12" type="stmt"/>
        <line num="28" count="65" type="cond" truecount="1" falsecount="0"/>
        <line num="29" count="12" type="stmt"/>
        <line num="31" count="12" type="stmt"/>
        <line num="36" count="12" type="stmt"/>
        <line num="40" count="12" type="stmt"/>
        <line num="43" count="12" type="stmt"/>
        <line num="46" count="12" type="stmt"/>
        <line num="50" count="4" type="stmt"/>
      </file>
      <file name="customEventsHandle.ts" path="C:\Users\missa\Desktop\annil\src\utils\customEventsHandle.ts">
        <metrics statements="9" coveredstatements="9" conditionals="2" coveredconditionals="2" methods="4" coveredmethods="4"/>
        <line num="8" count="2" type="stmt"/>
        <line num="14" count="10" type="stmt"/>
        <line num="18" count="1" type="stmt"/>
        <line num="19" count="2" type="stmt"/>
        <line num="21" count="2" type="cond" truecount="2" falsecount="0"/>
        <line num="22" count="1" type="stmt"/>
        <line num="23" count="1" type="stmt"/>
        <line num="26" count="1" type="stmt"/>
        <line num="27" count="1" type="stmt"/>
      </file>
      <file name="deepClone.ts" path="C:\Users\missa\Desktop\annil\src\utils\deepClone.ts">
        <metrics statements="9" coveredstatements="9" conditionals="6" coveredconditionals="6" methods="1" coveredmethods="1"/>
        <line num="4" count="10" type="stmt"/>
        <line num="5" count="291" type="cond" truecount="3" falsecount="0"/>
        <line num="6" count="186" type="stmt"/>
        <line num="8" count="105" type="cond" truecount="2" falsecount="0"/>
        <line num="10" count="105" type="stmt"/>
        <line num="12" count="105" type="stmt"/>
        <line num="13" count="242" type="cond" truecount="1" falsecount="0"/>
        <line num="14" count="242" type="stmt"/>
        <line num="18" count="105" type="stmt"/>
      </file>
      <file name="deleteProtoField.ts" path="C:\Users\missa\Desktop\annil\src\utils\deleteProtoField.ts">
        <metrics statements="2" coveredstatements="2" conditionals="0" coveredconditionals="0" methods="1" coveredmethods="1"/>
        <line num="4" count="10" type="stmt"/>
        <line num="5" count="21" type="stmt"/>
      </file>
      <file name="eventsHandle.ts" path="C:\Users\missa\Desktop\annil\src\utils\eventsHandle.ts">
        <metrics statements="3" coveredstatements="3" conditionals="2" coveredconditionals="2" methods="1" coveredmethods="1"/>
        <line num="6" count="10" type="stmt"/>
        <line num="7" count="2" type="cond" truecount="2" falsecount="0"/>
        <line num="9" count="2" type="stmt"/>
      </file>
      <file name="getPathsValue.ts" path="C:\Users\missa\Desktop\annil\src\utils\getPathsValue.ts">
        <metrics statements="5" coveredstatements="5" conditionals="0" coveredconditionals="0" methods="2" coveredmethods="2"/>
        <line num="3" count="10" type="stmt"/>
        <line num="4" count="91" type="stmt"/>
        <line num="6" count="113" type="stmt"/>
        <line num="7" count="113" type="stmt"/>
        <line num="9" count="4" type="stmt"/>
      </file>
      <file name="initWatchOldValue.ts" path="C:\Users\missa\Desktop\annil\src\utils\initWatchOldValue.ts">
        <metrics statements="7" coveredstatements="7" conditionals="0" coveredconditionals="0" methods="1" coveredmethods="1"/>
        <line num="2" count="10" type="stmt"/>
        <line num="3" count="10" type="stmt"/>
        <line num="5" count="10" type="stmt"/>
        <line num="6" count="3" type="stmt"/>
        <line num="7" count="3" type="stmt"/>
        <line num="8" count="14" type="stmt"/>
        <line num="11" count="3" type="stmt"/>
      </file>
      <file name="isEmptyObject.ts" path="C:\Users\missa\Desktop\annil\src\utils\isEmptyObject.ts">
        <metrics statements="4" coveredstatements="4" conditionals="8" coveredconditionals="8" methods="1" coveredmethods="1"/>
        <line num="4" count="10" type="stmt"/>
        <line num="5" count="36" type="cond" truecount="1" falsecount="0"/>
        <line num="9" count="9" type="stmt"/>
        <line num="12" count="27" type="stmt"/>
      </file>
      <file name="onLoadHijack.ts" path="C:\Users\missa\Desktop\annil\src\utils\onLoadHijack.ts">
        <metrics statements="2" coveredstatements="2" conditionals="0" coveredconditionals="0" methods="0" coveredmethods="0"/>
        <line num="3" count="10" type="stmt"/>
        <line num="9" count="10" type="stmt"/>
      </file>
      <file name="rootComponentFieldHandle.ts" path="C:\Users\missa\Desktop\annil\src\utils\rootComponentFieldHandle.ts">
        <metrics statements="9" coveredstatements="9" conditionals="8" coveredconditionals="8" methods="1" coveredmethods="1"/>
        <line num="3" count="10" type="stmt"/>
        <line num="5" count="10" type="stmt"/>
        <line num="6" count="10" type="stmt"/>
        <line num="8" count="10" type="stmt"/>
        <line num="13" count="10" type="cond" truecount="2" falsecount="0"/>
        <line num="15" count="10" type="cond" truecount="2" falsecount="0"/>
        <line num="22" count="10" type="cond" truecount="2" falsecount="0"/>
        <line num="24" count="10" type="cond" truecount="2" falsecount="0"/>
        <line num="26" count="10" type="stmt"/>
      </file>
      <file name="subComponentsHandle.ts" path="C:\Users\missa\Desktop\annil\src\utils\subComponentsHandle.ts">
        <metrics statements="8" coveredstatements="8" conditionals="6" coveredconditionals="6" methods="2" coveredmethods="2"/>
        <line num="3" count="10" type="stmt"/>
        <line num="5" count="10" type="stmt"/>
        <line num="7" count="10" type="stmt"/>
        <line num="12" count="9" type="stmt"/>
        <line num="13" count="10" type="cond" truecount="2" falsecount="0"/>
        <line num="19" count="10" type="cond" truecount="2" falsecount="0"/>
        <line num="21" count="10" type="cond" truecount="2" falsecount="0"/>
        <line num="23" count="10" type="stmt"/>
      </file>
    </package>
  </project>
</coverage>
