{
  "C:\\Users\\missa\\Desktop\\annil\\src\\index.ts": {
    "path": "C:\\Users\\missa\\Desktop\\annil\\src\\index.ts",
    "statementMap": {
      "0": { "start": { "line": 5, "column": 0 }, "end": { "line": 5, "column": 9 } },
      "1": { "start": { "line": 17, "column": 26 }, "end": { "line": 5, "column": 46 } },
      "2": { "start": { "line": 7, "column": 0 }, "end": { "line": 7, "column": 9 } },
      "3": { "start": { "line": 17, "column": 9 }, "end": { "line": 7, "column": 56 } },
      "4": { "start": { "line": 9, "column": 0 }, "end": { "line": 9, "column": 9 } },
      "5": { "start": { "line": 17, "column": 56 }, "end": { "line": 9, "column": 52 } },
      "6": { "start": { "line": 11, "column": 0 }, "end": { "line": 11, "column": 9 } },
      "7": { "start": { "line": 17, "column": 90 }, "end": { "line": 11, "column": 50 } }
    },
    "fnMap": {
      "0": {
        "name": "(anonymous_0)",
        "decl": { "start": { "line": 17, "column": 26 }, "end": { "line": 17, "column": 36 } },
        "loc": { "start": { "line": 17, "column": 26 }, "end": { "line": 5, "column": 46 } }
      },
      "1": {
        "name": "(anonymous_1)",
        "decl": { "start": { "line": 17, "column": 9 }, "end": { "line": 17, "column": 24 } },
        "loc": { "start": { "line": 17, "column": 9 }, "end": { "line": 7, "column": 56 } }
      },
      "2": {
        "name": "(anonymous_2)",
        "decl": { "start": { "line": 17, "column": 56 }, "end": { "line": 17, "column": 69 } },
        "loc": { "start": { "line": 17, "column": 56 }, "end": { "line": 9, "column": 52 } }
      },
      "3": {
        "name": "(anonymous_3)",
        "decl": { "start": { "line": 17, "column": 90 }, "end": { "line": 17, "column": 102 } },
        "loc": { "start": { "line": 17, "column": 90 }, "end": { "line": 11, "column": 50 } }
      }
    },
    "branchMap": {},
    "s": { "0": 10, "1": 10, "2": 10, "3": 20, "4": 10, "5": 20, "6": 10, "7": 20 },
    "f": { "0": 0, "1": 10, "2": 10, "3": 10 },
    "b": {}
  },
  "C:\\Users\\missa\\Desktop\\annil\\src\\api\\DefineComponent\\index.ts": {
    "path": "C:\\Users\\missa\\Desktop\\annil\\src\\api\\DefineComponent\\index.ts",
    "statementMap": {
      "0": { "start": { "line": 3, "column": 0 }, "end": { "line": 3, "column": 63 } },
      "1": { "start": { "line": 4, "column": 0 }, "end": { "line": 4, "column": 70 } },
      "2": { "start": { "line": 5, "column": 0 }, "end": { "line": 5, "column": 78 } },
      "3": { "start": { "line": 6, "column": 0 }, "end": { "line": 6, "column": 48 } },
      "4": { "start": { "line": 8, "column": 0 }, "end": { "line": 8, "column": 64 } },
      "5": { "start": { "line": 9, "column": 0 }, "end": { "line": 9, "column": 58 } },
      "6": { "start": { "line": 10, "column": 0 }, "end": { "line": 10, "column": 80 } },
      "7": { "start": { "line": 11, "column": 0 }, "end": { "line": 11, "column": 80 } },
      "8": { "start": { "line": 12, "column": 0 }, "end": { "line": 12, "column": 70 } },
      "9": { "start": { "line": 22, "column": 0 }, "end": { "line": 22, "column": 78 } },
      "10": { "start": { "line": 23, "column": 0 }, "end": { "line": 23, "column": 56 } },
      "11": { "start": { "line": 91, "column": 59 }, "end": { "line": 137, "column": 1 } },
      "12": { "start": { "line": 95, "column": 41 }, "end": { "line": 105, "column": 4 } },
      "13": { "start": { "line": 109, "column": 36 }, "end": { "line": 109, "column": 38 } },
      "14": { "start": { "line": 111, "column": 2 }, "end": { "line": 113, "column": 3 } },
      "15": { "start": { "line": 112, "column": 4 }, "end": { "line": 112, "column": 81 } },
      "16": { "start": { "line": 115, "column": 2 }, "end": { "line": 117, "column": 3 } },
      "17": { "start": { "line": 116, "column": 4 }, "end": { "line": 116, "column": 76 } },
      "18": { "start": { "line": 124, "column": 2 }, "end": { "line": 124, "column": 72 } },
      "19": { "start": { "line": 126, "column": 2 }, "end": { "line": 126, "column": 46 } },
      "20": { "start": { "line": 128, "column": 2 }, "end": { "line": 128, "column": 75 } },
      "21": { "start": { "line": 136, "column": 2 }, "end": { "line": 136, "column": 33 } },
      "22": { "start": { "line": 91, "column": 13 }, "end": { "line": 91, "column": 59 } }
    },
    "fnMap": {
      "0": {
        "name": "(anonymous_0)",
        "decl": { "start": { "line": 91, "column": 59 }, "end": { "line": 91, "column": 68 } },
        "loc": { "start": { "line": 91, "column": 75 }, "end": { "line": 137, "column": 1 } }
      }
    },
    "branchMap": {
      "0": {
        "loc": { "start": { "line": 111, "column": 2 }, "end": { "line": 113, "column": 3 } },
        "type": "if",
        "locations": [{ "start": { "line": 111, "column": 2 }, "end": { "line": 113, "column": 3 } }]
      },
      "1": {
        "loc": { "start": { "line": 111, "column": 6 }, "end": { "line": 111, "column": 68 } },
        "type": "binary-expr",
        "locations": [
          { "start": { "line": 111, "column": 6 }, "end": { "line": 111, "column": 27 } },
          { "start": { "line": 111, "column": 31 }, "end": { "line": 111, "column": 68 } }
        ]
      },
      "2": {
        "loc": { "start": { "line": 115, "column": 2 }, "end": { "line": 117, "column": 3 } },
        "type": "if",
        "locations": [{ "start": { "line": 115, "column": 2 }, "end": { "line": 117, "column": 3 } }]
      },
      "3": {
        "loc": { "start": { "line": 115, "column": 6 }, "end": { "line": 115, "column": 68 } },
        "type": "binary-expr",
        "locations": [
          { "start": { "line": 115, "column": 6 }, "end": { "line": 115, "column": 27 } },
          { "start": { "line": 115, "column": 31 }, "end": { "line": 115, "column": 68 } }
        ]
      },
      "4": {
        "loc": { "start": { "line": 124, "column": 2 }, "end": { "line": 124, "column": 71 } },
        "type": "binary-expr",
        "locations": [
          { "start": { "line": 124, "column": 2 }, "end": { "line": 124, "column": 22 } },
          { "start": { "line": 124, "column": 26 }, "end": { "line": 124, "column": 71 } }
        ]
      }
    },
    "s": {
      "0": 10,
      "1": 10,
      "2": 10,
      "3": 10,
      "4": 10,
      "5": 10,
      "6": 10,
      "7": 10,
      "8": 10,
      "9": 10,
      "10": 10,
      "11": 10,
      "12": 10,
      "13": 10,
      "14": 10,
      "15": 10,
      "16": 10,
      "17": 9,
      "18": 10,
      "19": 10,
      "20": 10,
      "21": 10,
      "22": 10
    },
    "f": { "0": 10 },
    "b": { "0": [10], "1": [10, 10], "2": [9], "3": [10, 9], "4": [10, 2] }
  },
  "C:\\Users\\missa\\Desktop\\annil\\src\\api\\RootComponent\\index.ts": {
    "path": "C:\\Users\\missa\\Desktop\\annil\\src\\api\\RootComponent\\index.ts",
    "statementMap": {
      "0": { "start": { "line": 138, "column": 2 }, "end": { "line": 138, "column": 35 } },
      "1": { "start": { "line": 138, "column": 27 }, "end": { "line": 138, "column": 34 } },
      "2": { "start": { "line": 132, "column": 0 }, "end": { "line": 132, "column": 16 } }
    },
    "fnMap": {
      "0": {
        "name": "RootComponent",
        "decl": { "start": { "line": 132, "column": 16 }, "end": { "line": 132, "column": 29 } },
        "loc": { "start": { "line": 132, "column": 29 }, "end": { "line": 139, "column": 1 } }
      },
      "1": {
        "name": "(anonymous_1)",
        "decl": { "start": { "line": 138, "column": 9 }, "end": { "line": 138, "column": 10 } },
        "loc": { "start": { "line": 138, "column": 27 }, "end": { "line": 138, "column": 34 } }
      }
    },
    "branchMap": {},
    "s": { "0": 10, "1": 10, "2": 10 },
    "f": { "0": 10, "1": 10 },
    "b": {}
  },
  "C:\\Users\\missa\\Desktop\\annil\\src\\api\\SubComponent\\index.ts": {
    "path": "C:\\Users\\missa\\Desktop\\annil\\src\\api\\SubComponent\\index.ts",
    "statementMap": {
      "0": { "start": { "line": 199, "column": 2 }, "end": { "line": 199, "column": 44 } },
      "1": { "start": { "line": 199, "column": 28 }, "end": { "line": 199, "column": 35 } },
      "2": { "start": { "line": 194, "column": 0 }, "end": { "line": 194, "column": 16 } }
    },
    "fnMap": {
      "0": {
        "name": "SubComponent",
        "decl": { "start": { "line": 194, "column": 16 }, "end": { "line": 194, "column": 28 } },
        "loc": { "start": { "line": 194, "column": 28 }, "end": { "line": 200, "column": 1 } }
      },
      "1": {
        "name": "(anonymous_1)",
        "decl": { "start": { "line": 199, "column": 10 }, "end": { "line": 199, "column": 11 } },
        "loc": { "start": { "line": 199, "column": 28 }, "end": { "line": 199, "column": 35 } }
      }
    },
    "branchMap": {},
    "s": { "0": 10, "1": 10, "2": 10 },
    "f": { "0": 10, "1": 10 },
    "b": {}
  },
  "C:\\Users\\missa\\Desktop\\annil\\src\\behaviors\\BStore.ts": {
    "path": "C:\\Users\\missa\\Desktop\\annil\\src\\behaviors\\BStore.ts",
    "statementMap": {
      "0": { "start": { "line": 3, "column": 0 }, "end": { "line": 3, "column": 61 } },
      "1": { "start": { "line": 6, "column": 13 }, "end": { "line": 61, "column": 3 } },
      "2": { "start": { "line": 9, "column": 24 }, "end": { "line": 9, "column": 37 } },
      "3": { "start": { "line": 10, "column": 4 }, "end": { "line": 10, "column": 29 } },
      "4": { "start": { "line": 10, "column": 22 }, "end": { "line": 10, "column": 29 } },
      "5": { "start": { "line": 11, "column": 21 }, "end": { "line": 11, "column": 51 } },
      "6": { "start": { "line": 12, "column": 4 }, "end": { "line": 24, "column": 5 } },
      "7": { "start": { "line": 13, "column": 6 }, "end": { "line": 13, "column": 26 } },
      "8": { "start": { "line": 15, "column": 6 }, "end": { "line": 15, "column": 51 } },
      "9": { "start": { "line": 21, "column": 6 }, "end": { "line": 21, "column": 58 } },
      "10": { "start": { "line": 21, "column": 46 }, "end": { "line": 21, "column": 57 } },
      "11": { "start": { "line": 23, "column": 6 }, "end": { "line": 23, "column": 27 } },
      "12": { "start": { "line": 30, "column": 26 }, "end": { "line": 30, "column": 50 } },
      "13": { "start": { "line": 31, "column": 6 }, "end": { "line": 31, "column": 31 } },
      "14": { "start": { "line": 31, "column": 24 }, "end": { "line": 31, "column": 31 } },
      "15": { "start": { "line": 32, "column": 43 }, "end": { "line": 32, "column": 73 } },
      "16": { "start": { "line": 34, "column": 6 }, "end": { "line": 34, "column": 25 } },
      "17": { "start": { "line": 36, "column": 6 }, "end": { "line": 50, "column": 7 } },
      "18": { "start": { "line": 38, "column": 8 }, "end": { "line": 49, "column": 10 } },
      "19": { "start": { "line": 42, "column": 12 }, "end": { "line": 44, "column": 15 } },
      "20": { "start": { "line": 51, "column": 6 }, "end": { "line": 51, "column": 48 } }
    },
    "fnMap": {
      "0": {
        "name": "(anonymous_0)",
        "decl": { "start": { "line": 7, "column": 2 }, "end": { "line": 7, "column": 18 } },
        "loc": { "start": { "line": 7, "column": 44 }, "end": { "line": 25, "column": 3 } }
      },
      "1": {
        "name": "(anonymous_1)",
        "decl": { "start": { "line": 21, "column": 40 }, "end": { "line": 21, "column": 43 } },
        "loc": { "start": { "line": 21, "column": 46 }, "end": { "line": 21, "column": 57 } }
      },
      "2": {
        "name": "(anonymous_2)",
        "decl": { "start": { "line": 28, "column": 4 }, "end": { "line": 28, "column": 11 } },
        "loc": { "start": { "line": 28, "column": 11 }, "end": { "line": 52, "column": 5 } }
      },
      "3": {
        "name": "(anonymous_3)",
        "decl": { "start": { "line": 40, "column": 10 }, "end": { "line": 40, "column": 11 } },
        "loc": { "start": { "line": 40, "column": 29 }, "end": { "line": 45, "column": 11 } }
      },
      "4": {
        "name": "(anonymous_4)",
        "decl": { "start": { "line": 53, "column": 4 }, "end": { "line": 53, "column": 12 } },
        "loc": { "start": { "line": 53, "column": 12 }, "end": { "line": 59, "column": 5 } }
      }
    },
    "branchMap": {
      "0": {
        "loc": { "start": { "line": 10, "column": 4 }, "end": { "line": 10, "column": 29 } },
        "type": "if",
        "locations": [{ "start": { "line": 10, "column": 4 }, "end": { "line": 10, "column": 29 } }]
      },
      "1": {
        "loc": { "start": { "line": 13, "column": 6 }, "end": { "line": 13, "column": 26 } },
        "type": "binary-expr",
        "locations": [
          { "start": { "line": 13, "column": 6 }, "end": { "line": 13, "column": 18 } },
          { "start": { "line": 13, "column": 6 }, "end": { "line": 13, "column": 25 } }
        ]
      },
      "2": {
        "loc": { "start": { "line": 30, "column": 26 }, "end": { "line": 30, "column": 50 } },
        "type": "cond-expr",
        "locations": [
          { "start": { "line": 30, "column": 46 }, "end": { "line": 30, "column": 50 } },
          { "start": { "line": 30, "column": 46 }, "end": { "line": 30, "column": 50 } }
        ]
      },
      "3": {
        "loc": { "start": { "line": 30, "column": 26 }, "end": { "line": 30, "column": 50 } },
        "type": "binary-expr",
        "locations": [
          { "start": { "line": 30, "column": 26 }, "end": { "line": 30, "column": 50 } },
          { "start": { "line": 30, "column": 46 }, "end": { "line": 30, "column": 50 } }
        ]
      },
      "4": {
        "loc": { "start": { "line": 31, "column": 6 }, "end": { "line": 31, "column": 31 } },
        "type": "if",
        "locations": [{ "start": { "line": 31, "column": 6 }, "end": { "line": 31, "column": 31 } }]
      }
    },
    "s": {
      "0": 10,
      "1": 10,
      "2": 10,
      "3": 10,
      "4": 9,
      "5": 1,
      "6": 1,
      "7": 2,
      "8": 2,
      "9": 2,
      "10": 1,
      "11": 2,
      "12": 10,
      "13": 10,
      "14": 9,
      "15": 1,
      "16": 1,
      "17": 1,
      "18": 2,
      "19": 2,
      "20": 1
    },
    "f": { "0": 10, "1": 1, "2": 10, "3": 2, "4": 0 },
    "b": { "0": [9], "1": [2, 1], "2": [9, 1], "3": [10, 10], "4": [9] }
  },
  "C:\\Users\\missa\\Desktop\\annil\\src\\behaviors\\BbeforeCreated.ts": {
    "path": "C:\\Users\\missa\\Desktop\\annil\\src\\behaviors\\BbeforeCreated.ts",
    "statementMap": {
      "0": { "start": { "line": 3, "column": 13 }, "end": { "line": 10, "column": 3 } },
      "1": { "start": { "line": 6, "column": 29 }, "end": { "line": 6, "column": 60 } },
      "2": { "start": { "line": 8, "column": 4 }, "end": { "line": 8, "column": 50 } }
    },
    "fnMap": {
      "0": {
        "name": "(anonymous_0)",
        "decl": { "start": { "line": 4, "column": 2 }, "end": { "line": 4, "column": 18 } },
        "loc": { "start": { "line": 4, "column": 44 }, "end": { "line": 9, "column": 3 } }
      }
    },
    "branchMap": {
      "0": {
        "loc": { "start": { "line": 6, "column": 29 }, "end": { "line": 6, "column": 60 } },
        "type": "cond-expr",
        "locations": [
          { "start": { "line": 6, "column": 46 }, "end": { "line": 6, "column": 48 } },
          { "start": { "line": 6, "column": 46 }, "end": { "line": 6, "column": 60 } }
        ]
      },
      "1": {
        "loc": { "start": { "line": 6, "column": 29 }, "end": { "line": 6, "column": 48 } },
        "type": "binary-expr",
        "locations": [
          { "start": { "line": 6, "column": 29 }, "end": { "line": 6, "column": 48 } },
          { "start": { "line": 6, "column": 46 }, "end": { "line": 6, "column": 48 } }
        ]
      },
      "2": {
        "loc": { "start": { "line": 8, "column": 4 }, "end": { "line": 8, "column": 49 } },
        "type": "binary-expr",
        "locations": [
          { "start": { "line": 8, "column": 4 }, "end": { "line": 8, "column": 20 } },
          { "start": { "line": 8, "column": 24 }, "end": { "line": 8, "column": 49 } }
        ]
      }
    },
    "s": { "0": 10, "1": 10, "2": 10 },
    "f": { "0": 10 },
    "b": { "0": [5, 5], "1": [10, 10], "2": [10, 1] }
  },
  "C:\\Users\\missa\\Desktop\\annil\\src\\behaviors\\BComputedAndWatch\\IsPage.ts": {
    "path": "C:\\Users\\missa\\Desktop\\annil\\src\\behaviors\\BComputedAndWatch\\IsPage.ts",
    "statementMap": {
      "0": { "start": { "line": 4, "column": 2 }, "end": { "line": 4, "column": 57 } },
      "1": { "start": { "line": 3, "column": 0 }, "end": { "line": 3, "column": 16 } }
    },
    "fnMap": {
      "0": {
        "name": "isPage",
        "decl": { "start": { "line": 3, "column": 16 }, "end": { "line": 3, "column": 22 } },
        "loc": { "start": { "line": 3, "column": 60 }, "end": { "line": 5, "column": 1 } }
      }
    },
    "branchMap": {},
    "s": { "0": 10, "1": 10 },
    "f": { "0": 10 },
    "b": {}
  },
  "C:\\Users\\missa\\Desktop\\annil\\src\\behaviors\\BComputedAndWatch\\data-tracer.ts": {
    "path": "C:\\Users\\missa\\Desktop\\annil\\src\\behaviors\\BComputedAndWatch\\data-tracer.ts",
    "statementMap": {
      "0": { "start": { "line": 8, "column": 18 }, "end": { "line": 43, "column": 4 } },
      "1": { "start": { "line": 13, "column": 6 }, "end": { "line": 13, "column": 50 } },
      "2": { "start": { "line": 13, "column": 36 }, "end": { "line": 13, "column": 50 } },
      "3": { "start": { "line": 15, "column": 18 }, "end": { "line": 15, "column": 30 } },
      "4": { "start": { "line": 20, "column": 6 }, "end": { "line": 28, "column": 7 } },
      "5": { "start": { "line": 22, "column": 32 }, "end": { "line": 22, "column": 67 } },
      "6": { "start": { "line": 24, "column": 8 }, "end": { "line": 27, "column": 9 } },
      "7": { "start": { "line": 26, "column": 10 }, "end": { "line": 26, "column": 28 } },
      "8": { "start": { "line": 29, "column": 22 }, "end": { "line": 29, "column": 43 } },
      "9": { "start": { "line": 31, "column": 6 }, "end": { "line": 31, "column": 61 } },
      "10": { "start": { "line": 34, "column": 6 }, "end": { "line": 37, "column": 7 } },
      "11": { "start": { "line": 36, "column": 8 }, "end": { "line": 36, "column": 66 } },
      "12": { "start": { "line": 39, "column": 6 }, "end": { "line": 39, "column": 62 } },
      "13": { "start": { "line": 39, "column": 51 }, "end": { "line": 39, "column": 62 } },
      "14": { "start": { "line": 41, "column": 6 }, "end": { "line": 41, "column": 50 } },
      "15": { "start": { "line": 45, "column": 2 }, "end": { "line": 45, "column": 34 } },
      "16": { "start": { "line": 3, "column": 0 }, "end": { "line": 3, "column": 16 } },
      "17": { "start": { "line": 50, "column": 2 }, "end": { "line": 52, "column": 3 } },
      "18": { "start": { "line": 51, "column": 4 }, "end": { "line": 51, "column": 19 } },
      "19": { "start": { "line": 54, "column": 24 }, "end": { "line": 54, "column": 45 } },
      "20": { "start": { "line": 55, "column": 2 }, "end": { "line": 57, "column": 3 } },
      "21": { "start": { "line": 56, "column": 4 }, "end": { "line": 56, "column": 28 } },
      "22": { "start": { "line": 59, "column": 2 }, "end": { "line": 59, "column": 17 } },
      "23": { "start": { "line": 48, "column": 0 }, "end": { "line": 48, "column": 16 } }
    },
    "fnMap": {
      "0": {
        "name": "deepProxy",
        "decl": { "start": { "line": 3, "column": 16 }, "end": { "line": 3, "column": 25 } },
        "loc": { "start": { "line": 6, "column": 25 }, "end": { "line": 46, "column": 1 } }
      },
      "1": {
        "name": "(anonymous_1)",
        "decl": { "start": { "line": 9, "column": 4 }, "end": { "line": 9, "column": 7 } },
        "loc": { "start": { "line": 9, "column": 36 }, "end": { "line": 42, "column": 5 } }
      },
      "2": {
        "name": "unwrap",
        "decl": { "start": { "line": 48, "column": 16 }, "end": { "line": 48, "column": 22 } },
        "loc": { "start": { "line": 48, "column": 35 }, "end": { "line": 60, "column": 1 } }
      }
    },
    "branchMap": {
      "0": {
        "loc": { "start": { "line": 6, "column": 2 }, "end": { "line": 6, "column": 25 } },
        "type": "default-arg",
        "locations": [{ "start": { "line": 6, "column": 23 }, "end": { "line": 6, "column": 25 } }]
      },
      "1": {
        "loc": { "start": { "line": 13, "column": 6 }, "end": { "line": 13, "column": 50 } },
        "type": "if",
        "locations": [{ "start": { "line": 13, "column": 6 }, "end": { "line": 13, "column": 50 } }]
      },
      "2": {
        "loc": { "start": { "line": 20, "column": 6 }, "end": { "line": 28, "column": 7 } },
        "type": "if",
        "locations": [{ "start": { "line": 20, "column": 6 }, "end": { "line": 28, "column": 7 } }]
      },
      "3": {
        "loc": { "start": { "line": 24, "column": 8 }, "end": { "line": 27, "column": 9 } },
        "type": "if",
        "locations": [{ "start": { "line": 24, "column": 8 }, "end": { "line": 27, "column": 9 } }]
      },
      "4": {
        "loc": { "start": { "line": 34, "column": 6 }, "end": { "line": 37, "column": 7 } },
        "type": "if",
        "locations": [{ "start": { "line": 34, "column": 6 }, "end": { "line": 37, "column": 7 } }]
      },
      "5": {
        "loc": { "start": { "line": 34, "column": 10 }, "end": { "line": 34, "column": 90 } },
        "type": "binary-expr",
        "locations": [
          { "start": { "line": 34, "column": 10 }, "end": { "line": 34, "column": 61 } },
          { "start": { "line": 34, "column": 65 }, "end": { "line": 34, "column": 90 } }
        ]
      },
      "6": {
        "loc": { "start": { "line": 36, "column": 15 }, "end": { "line": 36, "column": 65 } },
        "type": "cond-expr",
        "locations": [
          { "start": { "line": 36, "column": 43 }, "end": { "line": 36, "column": 59 } },
          { "start": { "line": 36, "column": 62 }, "end": { "line": 36, "column": 65 } }
        ]
      },
      "7": {
        "loc": { "start": { "line": 39, "column": 6 }, "end": { "line": 39, "column": 62 } },
        "type": "if",
        "locations": [{ "start": { "line": 39, "column": 6 }, "end": { "line": 39, "column": 62 } }]
      },
      "8": {
        "loc": { "start": { "line": 39, "column": 10 }, "end": { "line": 39, "column": 49 } },
        "type": "binary-expr",
        "locations": [
          { "start": { "line": 39, "column": 10 }, "end": { "line": 39, "column": 33 } },
          { "start": { "line": 39, "column": 37 }, "end": { "line": 39, "column": 49 } }
        ]
      },
      "9": {
        "loc": { "start": { "line": 50, "column": 2 }, "end": { "line": 52, "column": 3 } },
        "type": "if",
        "locations": [{ "start": { "line": 50, "column": 2 }, "end": { "line": 52, "column": 3 } }]
      },
      "10": {
        "loc": { "start": { "line": 50, "column": 6 }, "end": { "line": 50, "column": 53 } },
        "type": "binary-expr",
        "locations": [
          { "start": { "line": 50, "column": 6 }, "end": { "line": 50, "column": 33 } },
          { "start": { "line": 50, "column": 37 }, "end": { "line": 50, "column": 53 } }
        ]
      },
      "11": {
        "loc": { "start": { "line": 55, "column": 2 }, "end": { "line": 57, "column": 3 } },
        "type": "if",
        "locations": [{ "start": { "line": 55, "column": 2 }, "end": { "line": 57, "column": 3 } }]
      }
    },
    "s": {
      "0": 66,
      "1": 84,
      "2": 14,
      "3": 70,
      "4": 70,
      "5": 11,
      "6": 11,
      "7": 11,
      "8": 70,
      "9": 70,
      "10": 70,
      "11": 12,
      "12": 58,
      "13": 31,
      "14": 27,
      "15": 66,
      "16": 10,
      "17": 100,
      "18": 58,
      "19": 42,
      "20": 42,
      "21": 14,
      "22": 42,
      "23": 10
    },
    "f": { "0": 66, "1": 84, "2": 100 },
    "b": {
      "0": [39],
      "1": [14],
      "2": [11],
      "3": [11],
      "4": [12],
      "5": [70, 58],
      "6": [1, 11],
      "7": [31],
      "8": [58, 36],
      "9": [58],
      "10": [100, 55],
      "11": [14]
    }
  },
  "C:\\Users\\missa\\Desktop\\annil\\src\\behaviors\\BComputedAndWatch\\index.ts": {
    "path": "C:\\Users\\missa\\Desktop\\annil\\src\\behaviors\\BComputedAndWatch\\index.ts",
    "statementMap": {
      "0": { "start": { "line": 3, "column": 0 }, "end": { "line": 3, "column": 50 } },
      "1": { "start": { "line": 4, "column": 0 }, "end": { "line": 4, "column": 64 } },
      "2": { "start": { "line": 5, "column": 0 }, "end": { "line": 5, "column": 66 } },
      "3": { "start": { "line": 6, "column": 0 }, "end": { "line": 6, "column": 58 } },
      "4": { "start": { "line": 7, "column": 0 }, "end": { "line": 7, "column": 46 } },
      "5": { "start": { "line": 8, "column": 0 }, "end": { "line": 8, "column": 36 } },
      "6": { "start": { "line": 9, "column": 0 }, "end": { "line": 9, "column": 34 } },
      "7": { "start": { "line": 25, "column": 13 }, "end": { "line": 126, "column": 3 } },
      "8": { "start": { "line": 27, "column": 27 }, "end": { "line": 27, "column": 43 } },
      "9": { "start": { "line": 30, "column": 4 }, "end": { "line": 79, "column": 5 } },
      "10": { "start": { "line": 34, "column": 28 }, "end": { "line": 34, "column": 43 } },
      "11": { "start": { "line": 37, "column": 6 }, "end": { "line": 37, "column": 62 } },
      "12": { "start": { "line": 37, "column": 47 }, "end": { "line": 37, "column": 61 } },
      "13": { "start": { "line": 39, "column": 30 }, "end": { "line": 39, "column": 55 } },
      "14": { "start": { "line": 41, "column": 27 }, "end": { "line": 41, "column": 68 } },
      "15": { "start": { "line": 43, "column": 6 }, "end": { "line": 78, "column": 8 } },
      "16": { "start": { "line": 44, "column": 31 }, "end": { "line": 44, "column": 54 } },
      "17": { "start": { "line": 45, "column": 8 }, "end": { "line": 77, "column": 9 } },
      "18": { "start": { "line": 48, "column": 12 }, "end": { "line": 48, "column": 79 } },
      "19": { "start": { "line": 50, "column": 12 }, "end": { "line": 50, "column": 18 } },
      "20": { "start": { "line": 54, "column": 12 }, "end": { "line": 54, "column": 18 } },
      "21": { "start": { "line": 58, "column": 32 }, "end": { "line": 58, "column": 58 } },
      "22": { "start": { "line": 59, "column": 14 }, "end": { "line": 65, "column": 15 } },
      "23": { "start": { "line": 61, "column": 16 }, "end": { "line": 61, "column": 49 } },
      "24": { "start": { "line": 64, "column": 16 }, "end": { "line": 64, "column": 83 } },
      "25": { "start": { "line": 67, "column": 12 }, "end": { "line": 67, "column": 18 } },
      "26": { "start": { "line": 72, "column": 14 }, "end": { "line": 72, "column": 46 } },
      "27": { "start": { "line": 74, "column": 14 }, "end": { "line": 74, "column": 81 } },
      "28": { "start": { "line": 76, "column": 12 }, "end": { "line": 76, "column": 18 } },
      "29": { "start": { "line": 82, "column": 24 }, "end": { "line": 82, "column": 37 } },
      "30": { "start": { "line": 83, "column": 4 }, "end": { "line": 104, "column": 5 } },
      "31": { "start": { "line": 88, "column": 6 }, "end": { "line": 88, "column": 56 } },
      "32": { "start": { "line": 88, "column": 44 }, "end": { "line": 88, "column": 55 } },
      "33": { "start": { "line": 90, "column": 30 }, "end": { "line": 90, "column": 55 } },
      "34": { "start": { "line": 91, "column": 6 }, "end": { "line": 103, "column": 7 } },
      "35": { "start": { "line": 92, "column": 27 }, "end": { "line": 92, "column": 43 } },
      "36": { "start": { "line": 94, "column": 8 }, "end": { "line": 102, "column": 10 } },
      "37": { "start": { "line": 95, "column": 32 }, "end": { "line": 95, "column": 55 } },
      "38": { "start": { "line": 96, "column": 27 }, "end": { "line": 96, "column": 45 } },
      "39": { "start": { "line": 98, "column": 10 }, "end": { "line": 98, "column": 78 } },
      "40": { "start": { "line": 98, "column": 71 }, "end": { "line": 98, "column": 78 } },
      "41": { "start": { "line": 99, "column": 10 }, "end": { "line": 99, "column": 51 } },
      "42": { "start": { "line": 101, "column": 10 }, "end": { "line": 101, "column": 52 } },
      "43": { "start": { "line": 109, "column": 26 }, "end": { "line": 109, "column": 50 } },
      "44": { "start": { "line": 111, "column": 6 }, "end": { "line": 111, "column": 48 } },
      "45": { "start": { "line": 113, "column": 6 }, "end": { "line": 116, "column": 7 } },
      "46": { "start": { "line": 115, "column": 8 }, "end": { "line": 115, "column": 75 } },
      "47": { "start": { "line": 119, "column": 6 }, "end": { "line": 122, "column": 7 } },
      "48": { "start": { "line": 121, "column": 8 }, "end": { "line": 121, "column": 32 } }
    },
    "fnMap": {
      "0": {
        "name": "(anonymous_0)",
        "decl": { "start": { "line": 26, "column": 2 }, "end": { "line": 26, "column": 18 } },
        "loc": { "start": { "line": 26, "column": 44 }, "end": { "line": 105, "column": 3 } }
      },
      "1": {
        "name": "(anonymous_1)",
        "decl": { "start": { "line": 37, "column": 41 }, "end": { "line": 37, "column": 44 } },
        "loc": { "start": { "line": 37, "column": 47 }, "end": { "line": 37, "column": 61 } }
      },
      "2": {
        "name": "(anonymous_2)",
        "decl": { "start": { "line": 43, "column": 30 }, "end": { "line": 43, "column": null } },
        "loc": { "start": { "line": 43, "column": 30 }, "end": { "line": 78, "column": 7 } }
      },
      "3": {
        "name": "(anonymous_3)",
        "decl": { "start": { "line": 88, "column": 38 }, "end": { "line": 88, "column": 41 } },
        "loc": { "start": { "line": 88, "column": 44 }, "end": { "line": 88, "column": 55 } }
      },
      "4": {
        "name": "(anonymous_4)",
        "decl": { "start": { "line": 94, "column": 31 }, "end": { "line": 94, "column": 56 } },
        "loc": { "start": { "line": 94, "column": 73 }, "end": { "line": 102, "column": 9 } }
      },
      "5": {
        "name": "(anonymous_5)",
        "decl": { "start": { "line": 107, "column": 4 }, "end": { "line": 107, "column": 11 } },
        "loc": { "start": { "line": 107, "column": 11 }, "end": { "line": 117, "column": 5 } }
      },
      "6": {
        "name": "(anonymous_6)",
        "decl": { "start": { "line": 118, "column": 4 }, "end": { "line": 118, "column": 12 } },
        "loc": { "start": { "line": 118, "column": 12 }, "end": { "line": 124, "column": 5 } }
      }
    },
    "branchMap": {
      "0": {
        "loc": { "start": { "line": 30, "column": 4 }, "end": { "line": 79, "column": 5 } },
        "type": "if",
        "locations": [{ "start": { "line": 30, "column": 4 }, "end": { "line": 79, "column": 5 } }]
      },
      "1": {
        "loc": { "start": { "line": 30, "column": 8 }, "end": { "line": 30, "column": 56 } },
        "type": "binary-expr",
        "locations": [
          { "start": { "line": 30, "column": 8 }, "end": { "line": 30, "column": 22 } },
          { "start": { "line": 30, "column": 26 }, "end": { "line": 30, "column": 56 } }
        ]
      },
      "2": {
        "loc": { "start": { "line": 39, "column": 30 }, "end": { "line": 39, "column": 55 } },
        "type": "binary-expr",
        "locations": [
          { "start": { "line": 39, "column": 30 }, "end": { "line": 39, "column": 47 } },
          { "start": { "line": 39, "column": 30 }, "end": { "line": 39, "column": 54 } }
        ]
      },
      "3": {
        "loc": { "start": { "line": 45, "column": 8 }, "end": { "line": 77, "column": 9 } },
        "type": "switch",
        "locations": [
          { "start": { "line": 46, "column": 10 }, "end": { "line": 50, "column": 18 } },
          { "start": { "line": 51, "column": 10 }, "end": { "line": 54, "column": 18 } },
          { "start": { "line": 55, "column": 10 }, "end": { "line": 67, "column": 18 } },
          { "start": { "line": 68, "column": 10 }, "end": { "line": 76, "column": 18 } }
        ]
      },
      "4": {
        "loc": { "start": { "line": 48, "column": 12 }, "end": { "line": 48, "column": 78 } },
        "type": "binary-expr",
        "locations": [{ "start": { "line": 48, "column": 12 }, "end": { "line": 48, "column": 24 } }]
      },
      "5": {
        "loc": { "start": { "line": 59, "column": 14 }, "end": { "line": 65, "column": 15 } },
        "type": "if",
        "locations": [
          { "start": { "line": 59, "column": 14 }, "end": { "line": 65, "column": 15 } },
          { "start": { "line": 62, "column": 21 }, "end": { "line": 65, "column": 15 } }
        ]
      },
      "6": {
        "loc": { "start": { "line": 64, "column": 16 }, "end": { "line": 64, "column": 82 } },
        "type": "binary-expr",
        "locations": [{ "start": { "line": 64, "column": 16 }, "end": { "line": 64, "column": 28 } }]
      },
      "7": {
        "loc": { "start": { "line": 74, "column": 14 }, "end": { "line": 74, "column": 80 } },
        "type": "binary-expr",
        "locations": [{ "start": { "line": 74, "column": 14 }, "end": { "line": 74, "column": 26 } }]
      },
      "8": {
        "loc": { "start": { "line": 83, "column": 4 }, "end": { "line": 104, "column": 5 } },
        "type": "if",
        "locations": [{ "start": { "line": 83, "column": 4 }, "end": { "line": 104, "column": 5 } }]
      },
      "9": {
        "loc": { "start": { "line": 83, "column": 8 }, "end": { "line": 83, "column": 50 } },
        "type": "binary-expr",
        "locations": [
          { "start": { "line": 83, "column": 8 }, "end": { "line": 83, "column": 19 } },
          { "start": { "line": 83, "column": 23 }, "end": { "line": 83, "column": 50 } }
        ]
      },
      "10": {
        "loc": { "start": { "line": 90, "column": 30 }, "end": { "line": 90, "column": 55 } },
        "type": "binary-expr",
        "locations": [
          { "start": { "line": 90, "column": 30 }, "end": { "line": 90, "column": 47 } },
          { "start": { "line": 90, "column": 30 }, "end": { "line": 90, "column": 54 } }
        ]
      },
      "11": {
        "loc": { "start": { "line": 98, "column": 10 }, "end": { "line": 98, "column": 78 } },
        "type": "if",
        "locations": [{ "start": { "line": 98, "column": 10 }, "end": { "line": 98, "column": 78 } }]
      },
      "12": {
        "loc": { "start": { "line": 98, "column": 14 }, "end": { "line": 98, "column": 69 } },
        "type": "binary-expr",
        "locations": [
          { "start": { "line": 98, "column": 15 }, "end": { "line": 98, "column": 37 } },
          { "start": { "line": 98, "column": 42 }, "end": { "line": 98, "column": 69 } }
        ]
      },
      "13": {
        "loc": { "start": { "line": 109, "column": 26 }, "end": { "line": 109, "column": 50 } },
        "type": "cond-expr",
        "locations": [
          { "start": { "line": 109, "column": 46 }, "end": { "line": 109, "column": 50 } },
          { "start": { "line": 109, "column": 46 }, "end": { "line": 109, "column": 50 } }
        ]
      },
      "14": {
        "loc": { "start": { "line": 109, "column": 26 }, "end": { "line": 109, "column": 50 } },
        "type": "binary-expr",
        "locations": [
          { "start": { "line": 109, "column": 26 }, "end": { "line": 109, "column": 50 } },
          { "start": { "line": 109, "column": 46 }, "end": { "line": 109, "column": 50 } }
        ]
      },
      "15": {
        "loc": { "start": { "line": 113, "column": 6 }, "end": { "line": 116, "column": 7 } },
        "type": "if",
        "locations": [{ "start": { "line": 113, "column": 6 }, "end": { "line": 116, "column": 7 } }]
      },
      "16": {
        "loc": { "start": { "line": 119, "column": 6 }, "end": { "line": 122, "column": 7 } },
        "type": "if",
        "locations": [{ "start": { "line": 119, "column": 6 }, "end": { "line": 122, "column": 7 } }]
      }
    },
    "s": {
      "0": 10,
      "1": 10,
      "2": 10,
      "3": 10,
      "4": 10,
      "5": 10,
      "6": 10,
      "7": 10,
      "8": 10,
      "9": 10,
      "10": 4,
      "11": 4,
      "12": 4,
      "13": 4,
      "14": 4,
      "15": 4,
      "16": 27,
      "17": 27,
      "18": 2,
      "19": 2,
      "20": 18,
      "21": 4,
      "22": 4,
      "23": 3,
      "24": 1,
      "25": 4,
      "26": 3,
      "27": 3,
      "28": 3,
      "29": 10,
      "30": 10,
      "31": 3,
      "32": 3,
      "33": 3,
      "34": 3,
      "35": 14,
      "36": 14,
      "37": 27,
      "38": 27,
      "39": 27,
      "40": 2,
      "41": 25,
      "42": 25,
      "43": 10,
      "44": 10,
      "45": 10,
      "46": 3,
      "47": 10,
      "48": 10
    },
    "f": { "0": 10, "1": 4, "2": 27, "3": 3, "4": 27, "5": 10, "6": 10 },
    "b": {
      "0": [4],
      "1": [10, 4],
      "2": [4, 4],
      "3": [2, 18, 4, 3],
      "4": [2],
      "5": [3, 1],
      "6": [1],
      "7": [3],
      "8": [3],
      "9": [10, 3],
      "10": [3, 2],
      "11": [2],
      "12": [27, 25],
      "13": [7, 3],
      "14": [10, 10],
      "15": [3],
      "16": [10]
    }
  },
  "C:\\Users\\missa\\Desktop\\annil\\src\\behaviors\\BComputedAndWatch\\initComputed.ts": {
    "path": "C:\\Users\\missa\\Desktop\\annil\\src\\behaviors\\BComputedAndWatch\\initComputed.ts",
    "statementMap": {
      "0": { "start": { "line": 5, "column": 0 }, "end": { "line": 5, "column": 62 } },
      "1": { "start": { "line": 6, "column": 0 }, "end": { "line": 6, "column": 64 } },
      "2": { "start": { "line": 7, "column": 0 }, "end": { "line": 7, "column": 50 } },
      "3": { "start": { "line": 20, "column": 2 }, "end": { "line": 26, "column": 3 } },
      "4": { "start": { "line": 23, "column": 4 }, "end": { "line": 25, "column": 5 } },
      "5": { "start": { "line": 24, "column": 6 }, "end": { "line": 24, "column": 19 } },
      "6": { "start": { "line": 28, "column": 2 }, "end": { "line": 28, "column": 14 } },
      "7": { "start": { "line": 38, "column": 44 }, "end": { "line": 38, "column": 46 } },
      "8": { "start": { "line": 41, "column": 2 }, "end": { "line": 43, "column": 5 } },
      "9": { "start": { "line": 55, "column": 2 }, "end": { "line": 69, "column": 3 } },
      "10": { "start": { "line": 57, "column": 4 }, "end": { "line": 57, "column": 34 } },
      "11": { "start": { "line": 59, "column": 4 }, "end": { "line": 61, "column": 7 } },
      "12": { "start": { "line": 63, "column": 4 }, "end": { "line": 63, "column": 45 } },
      "13": { "start": { "line": 68, "column": 4 }, "end": { "line": 68, "column": 17 } },
      "14": { "start": { "line": 31, "column": 0 }, "end": { "line": 31, "column": 16 } },
      "15": { "start": { "line": 82, "column": 2 }, "end": { "line": 82, "column": 51 } },
      "16": { "start": { "line": 82, "column": 32 }, "end": { "line": 82, "column": 51 } },
      "17": { "start": { "line": 85, "column": 2 }, "end": { "line": 107, "column": 3 } },
      "18": { "start": { "line": 85, "column": 15 }, "end": { "line": 85, "column": 16 } },
      "19": { "start": { "line": 86, "column": 22 }, "end": { "line": 86, "column": 58 } },
      "20": { "start": { "line": 87, "column": 4 }, "end": { "line": 106, "column": 5 } },
      "21": { "start": { "line": 87, "column": 17 }, "end": { "line": 87, "column": 22 } },
      "22": { "start": { "line": 88, "column": 22 }, "end": { "line": 88, "column": 58 } },
      "23": { "start": { "line": 90, "column": 6 }, "end": { "line": 97, "column": 7 } },
      "24": { "start": { "line": 94, "column": 8 }, "end": { "line": 94, "column": 33 } },
      "25": { "start": { "line": 96, "column": 8 }, "end": { "line": 96, "column": 46 } },
      "26": { "start": { "line": 98, "column": 6 }, "end": { "line": 105, "column": 7 } },
      "27": { "start": { "line": 102, "column": 8 }, "end": { "line": 102, "column": 33 } },
      "28": { "start": { "line": 104, "column": 8 }, "end": { "line": 104, "column": 46 } },
      "29": { "start": { "line": 109, "column": 2 }, "end": { "line": 109, "column": 21 } },
      "30": { "start": { "line": 125, "column": 2 }, "end": { "line": 142, "column": 3 } },
      "31": { "start": { "line": 126, "column": 25 }, "end": { "line": 126, "column": 91 } },
      "32": { "start": { "line": 129, "column": 4 }, "end": { "line": 129, "column": 59 } },
      "33": { "start": { "line": 129, "column": 46 }, "end": { "line": 129, "column": 57 } },
      "34": { "start": { "line": 131, "column": 4 }, "end": { "line": 141, "column": 5 } },
      "35": { "start": { "line": 133, "column": 6 }, "end": { "line": 133, "column": 29 } },
      "36": { "start": { "line": 135, "column": 6 }, "end": { "line": 140, "column": 8 } },
      "37": { "start": { "line": 144, "column": 2 }, "end": { "line": 146, "column": 3 } },
      "38": { "start": { "line": 145, "column": 4 }, "end": { "line": 145, "column": 25 } },
      "39": { "start": { "line": 149, "column": 2 }, "end": { "line": 149, "column": 79 } },
      "40": { "start": { "line": 152, "column": 25 }, "end": { "line": 152, "column": 52 } },
      "41": { "start": { "line": 154, "column": 2 }, "end": { "line": 154, "column": 47 } },
      "42": { "start": { "line": 156, "column": 2 }, "end": { "line": 172, "column": 3 } },
      "43": { "start": { "line": 158, "column": 4 }, "end": { "line": 158, "column": 37 } },
      "44": { "start": { "line": 161, "column": 4 }, "end": { "line": 165, "column": 6 } },
      "45": { "start": { "line": 169, "column": 4 }, "end": { "line": 169, "column": 58 } },
      "46": { "start": { "line": 171, "column": 4 }, "end": { "line": 171, "column": 36 } },
      "47": { "start": { "line": 151, "column": 0 }, "end": { "line": 151, "column": 16 } }
    },
    "fnMap": {
      "0": {
        "name": "isValidDependences",
        "decl": { "start": { "line": 19, "column": 9 }, "end": { "line": 19, "column": 27 } },
        "loc": { "start": { "line": 19, "column": 85 }, "end": { "line": 29, "column": 1 } }
      },
      "1": {
        "name": "getComputedInfo",
        "decl": { "start": { "line": 31, "column": 16 }, "end": { "line": 31, "column": 31 } },
        "loc": { "start": { "line": 35, "column": 13 }, "end": { "line": 70, "column": 1 } }
      },
      "2": {
        "name": "uniqueDependences",
        "decl": { "start": { "line": 81, "column": 9 }, "end": { "line": 81, "column": 26 } },
        "loc": { "start": { "line": 81, "column": 60 }, "end": { "line": 110, "column": 1 } }
      },
      "3": {
        "name": "_initComputed",
        "decl": { "start": { "line": 118, "column": 9 }, "end": { "line": 118, "column": 22 } },
        "loc": { "start": { "line": 122, "column": 35 }, "end": { "line": 150, "column": 1 } }
      },
      "4": {
        "name": "(anonymous_4)",
        "decl": { "start": { "line": 129, "column": 39 }, "end": { "line": 129, "column": 42 } },
        "loc": { "start": { "line": 129, "column": 46 }, "end": { "line": 129, "column": 57 } }
      },
      "5": {
        "name": "initComputed",
        "decl": { "start": { "line": 151, "column": 16 }, "end": { "line": 151, "column": 28 } },
        "loc": { "start": { "line": 151, "column": 28 }, "end": { "line": 173, "column": 1 } }
      }
    },
    "branchMap": {
      "0": {
        "loc": { "start": { "line": 23, "column": 4 }, "end": { "line": 25, "column": 5 } },
        "type": "if",
        "locations": [{ "start": { "line": 23, "column": 4 }, "end": { "line": 25, "column": 5 } }]
      },
      "1": {
        "loc": { "start": { "line": 23, "column": 8 }, "end": { "line": 23, "column": 59 } },
        "type": "binary-expr",
        "locations": [
          { "start": { "line": 23, "column": 8 }, "end": { "line": 23, "column": 25 } },
          { "start": { "line": 23, "column": 29 }, "end": { "line": 23, "column": 59 } }
        ]
      },
      "2": {
        "loc": { "start": { "line": 55, "column": 2 }, "end": { "line": 69, "column": 3 } },
        "type": "if",
        "locations": [
          { "start": { "line": 55, "column": 2 }, "end": { "line": 69, "column": 3 } },
          { "start": { "line": 64, "column": 9 }, "end": { "line": 69, "column": 3 } }
        ]
      },
      "3": {
        "loc": { "start": { "line": 82, "column": 2 }, "end": { "line": 82, "column": 51 } },
        "type": "if",
        "locations": [{ "start": { "line": 82, "column": 2 }, "end": { "line": 82, "column": 51 } }]
      },
      "4": {
        "loc": { "start": { "line": 90, "column": 6 }, "end": { "line": 97, "column": 7 } },
        "type": "if",
        "locations": [{ "start": { "line": 90, "column": 6 }, "end": { "line": 97, "column": 7 } }]
      },
      "5": {
        "loc": { "start": { "line": 98, "column": 6 }, "end": { "line": 105, "column": 7 } },
        "type": "if",
        "locations": [{ "start": { "line": 98, "column": 6 }, "end": { "line": 105, "column": 7 } }]
      },
      "6": {
        "loc": { "start": { "line": 122, "column": 2 }, "end": { "line": 122, "column": 35 } },
        "type": "default-arg",
        "locations": [{ "start": { "line": 122, "column": 33 }, "end": { "line": 122, "column": 35 } }]
      },
      "7": {
        "loc": { "start": { "line": 131, "column": 4 }, "end": { "line": 141, "column": 5 } },
        "type": "if",
        "locations": [
          { "start": { "line": 131, "column": 4 }, "end": { "line": 141, "column": 5 } },
          { "start": { "line": 134, "column": 11 }, "end": { "line": 141, "column": 5 } }
        ]
      },
      "8": {
        "loc": { "start": { "line": 144, "column": 2 }, "end": { "line": 146, "column": 3 } },
        "type": "if",
        "locations": [{ "start": { "line": 144, "column": 2 }, "end": { "line": 146, "column": 3 } }]
      },
      "9": {
        "loc": { "start": { "line": 152, "column": 25 }, "end": { "line": 152, "column": 52 } },
        "type": "cond-expr",
        "locations": [
          { "start": { "line": 152, "column": 48 }, "end": { "line": 152, "column": 52 } },
          { "start": { "line": 152, "column": 48 }, "end": { "line": 152, "column": 52 } }
        ]
      },
      "10": {
        "loc": { "start": { "line": 152, "column": 25 }, "end": { "line": 152, "column": 52 } },
        "type": "binary-expr",
        "locations": [
          { "start": { "line": 152, "column": 25 }, "end": { "line": 152, "column": 52 } },
          { "start": { "line": 152, "column": 48 }, "end": { "line": 152, "column": 52 } }
        ]
      },
      "11": {
        "loc": { "start": { "line": 156, "column": 2 }, "end": { "line": 172, "column": 3 } },
        "type": "if",
        "locations": [{ "start": { "line": 156, "column": 2 }, "end": { "line": 172, "column": 3 } }]
      }
    },
    "s": {
      "0": 10,
      "1": 10,
      "2": 10,
      "3": 27,
      "4": 37,
      "5": 9,
      "6": 18,
      "7": 27,
      "8": 27,
      "9": 27,
      "10": 18,
      "11": 18,
      "12": 18,
      "13": 9,
      "14": 10,
      "15": 20,
      "16": 14,
      "17": 6,
      "18": 6,
      "19": 12,
      "20": 12,
      "21": 12,
      "22": 10,
      "23": 10,
      "24": 1,
      "25": 1,
      "26": 9,
      "27": 1,
      "28": 1,
      "29": 4,
      "30": 8,
      "31": 27,
      "32": 27,
      "33": 102,
      "34": 27,
      "35": 9,
      "36": 18,
      "37": 8,
      "38": 4,
      "39": 4,
      "40": 10,
      "41": 10,
      "42": 10,
      "43": 4,
      "44": 4,
      "45": 4,
      "46": 4,
      "47": 10
    },
    "f": { "0": 27, "1": 27, "2": 20, "3": 8, "4": 102, "5": 10 },
    "b": {
      "0": [9],
      "1": [37, 9],
      "2": [18, 9],
      "3": [14],
      "4": [1],
      "5": [1],
      "6": [4],
      "7": [9, 18],
      "8": [4],
      "9": [6, 4],
      "10": [10, 10],
      "11": [4]
    }
  },
  "C:\\Users\\missa\\Desktop\\annil\\src\\behaviors\\BComputedAndWatch\\isEqual.ts": {
    "path": "C:\\Users\\missa\\Desktop\\annil\\src\\behaviors\\BComputedAndWatch\\isEqual.ts",
    "statementMap": {
      "0": { "start": { "line": 5, "column": 2 }, "end": { "line": 7, "column": 3 } },
      "1": { "start": { "line": 6, "column": 4 }, "end": { "line": 6, "column": 16 } },
      "2": { "start": { "line": 9, "column": 2 }, "end": { "line": 11, "column": 3 } },
      "3": { "start": { "line": 10, "column": 4 }, "end": { "line": 10, "column": 17 } },
      "4": { "start": { "line": 12, "column": 16 }, "end": { "line": 12, "column": 34 } },
      "5": { "start": { "line": 13, "column": 16 }, "end": { "line": 13, "column": 34 } },
      "6": { "start": { "line": 20, "column": 2 }, "end": { "line": 24, "column": 3 } },
      "7": { "start": { "line": 21, "column": 4 }, "end": { "line": 23, "column": 5 } },
      "8": { "start": { "line": 22, "column": 6 }, "end": { "line": 22, "column": 19 } },
      "9": { "start": { "line": 26, "column": 2 }, "end": { "line": 26, "column": 14 } },
      "10": { "start": { "line": 4, "column": 0 }, "end": { "line": 4, "column": 16 } }
    },
    "fnMap": {
      "0": {
        "name": "isEqual",
        "decl": { "start": { "line": 4, "column": 16 }, "end": { "line": 4, "column": 23 } },
        "loc": { "start": { "line": 4, "column": 54 }, "end": { "line": 27, "column": 1 } }
      }
    },
    "branchMap": {
      "0": {
        "loc": { "start": { "line": 5, "column": 2 }, "end": { "line": 7, "column": 3 } },
        "type": "if",
        "locations": [{ "start": { "line": 5, "column": 2 }, "end": { "line": 7, "column": 3 } }]
      },
      "1": {
        "loc": { "start": { "line": 9, "column": 2 }, "end": { "line": 11, "column": 3 } },
        "type": "if",
        "locations": [{ "start": { "line": 9, "column": 2 }, "end": { "line": 11, "column": 3 } }]
      },
      "2": {
        "loc": { "start": { "line": 9, "column": 6 }, "end": { "line": 9, "column": 96 } },
        "type": "binary-expr",
        "locations": [
          { "start": { "line": 9, "column": 6 }, "end": { "line": 9, "column": 31 } },
          { "start": { "line": 9, "column": 35 }, "end": { "line": 9, "column": 49 } },
          { "start": { "line": 9, "column": 53 }, "end": { "line": 9, "column": 78 } },
          { "start": { "line": 9, "column": 82 }, "end": { "line": 9, "column": 96 } }
        ]
      },
      "3": {
        "loc": { "start": { "line": 21, "column": 4 }, "end": { "line": 23, "column": 5 } },
        "type": "if",
        "locations": [{ "start": { "line": 21, "column": 4 }, "end": { "line": 23, "column": 5 } }]
      },
      "4": {
        "loc": { "start": { "line": 21, "column": 8 }, "end": { "line": 21, "column": 64 } },
        "type": "binary-expr",
        "locations": [
          { "start": { "line": 21, "column": 8 }, "end": { "line": 21, "column": 28 } },
          { "start": { "line": 21, "column": 32 }, "end": { "line": 21, "column": 64 } }
        ]
      }
    },
    "s": { "0": 121, "1": 69, "2": 52, "3": 37, "4": 15, "5": 15, "6": 15, "7": 19, "8": 11, "9": 4, "10": 10 },
    "f": { "0": 121 },
    "b": { "0": [69], "1": [37], "2": [52, 24, 24, 22], "3": [11], "4": [19, 19] }
  },
  "C:\\Users\\missa\\Desktop\\annil\\src\\utils\\InnerMarker.ts": {
    "path": "C:\\Users\\missa\\Desktop\\annil\\src\\utils\\InnerMarker.ts",
    "statementMap": { "0": { "start": { "line": 1, "column": 13 }, "end": { "line": 4, "column": 2 } } },
    "fnMap": {},
    "branchMap": {},
    "s": { "0": 10 },
    "f": {},
    "b": {}
  },
  "C:\\Users\\missa\\Desktop\\annil\\src\\utils\\InternalFieldProtection.ts": {
    "path": "C:\\Users\\missa\\Desktop\\annil\\src\\utils\\InternalFieldProtection.ts",
    "statementMap": {
      "0": { "start": { "line": 4, "column": 13 }, "end": { "line": 4, "column": 40 } },
      "1": { "start": { "line": 10, "column": 0 }, "end": { "line": 10, "column": 16 } }
    },
    "fnMap": {},
    "branchMap": {},
    "s": { "0": 10, "1": 10 },
    "f": {},
    "b": {}
  },
  "C:\\Users\\missa\\Desktop\\annil\\src\\utils\\collector.ts": {
    "path": "C:\\Users\\missa\\Desktop\\annil\\src\\utils\\collector.ts",
    "statementMap": {
      "0": { "start": { "line": 13, "column": 2 }, "end": { "line": 20, "column": 3 } },
      "1": { "start": { "line": 14, "column": 20 }, "end": { "line": 14, "column": 31 } },
      "2": { "start": { "line": 16, "column": 30 }, "end": { "line": 16, "column": 54 } },
      "3": { "start": { "line": 17, "column": 30 }, "end": { "line": 17, "column": 52 } },
      "4": { "start": { "line": 19, "column": 4 }, "end": { "line": 19, "column": 28 } },
      "5": { "start": { "line": 8, "column": 0 }, "end": { "line": 8, "column": 16 } },
      "6": { "start": { "line": 28, "column": 2 }, "end": { "line": 40, "column": 3 } },
      "7": { "start": { "line": 29, "column": 19 }, "end": { "line": 29, "column": 44 } },
      "8": { "start": { "line": 32, "column": 4 }, "end": { "line": 39, "column": 5 } },
      "9": { "start": { "line": 36, "column": 6 }, "end": { "line": 36, "column": 44 } },
      "10": { "start": { "line": 38, "column": 6 }, "end": { "line": 38, "column": 58 } },
      "11": { "start": { "line": 24, "column": 0 }, "end": { "line": 24, "column": 16 } }
    },
    "fnMap": {
      "0": {
        "name": "funcFieldsCollect",
        "decl": { "start": { "line": 8, "column": 16 }, "end": { "line": 8, "column": 33 } },
        "loc": { "start": { "line": 11, "column": 47 }, "end": { "line": 21, "column": 1 } }
      },
      "1": {
        "name": "otherFieldsHandle",
        "decl": { "start": { "line": 24, "column": 16 }, "end": { "line": 24, "column": 33 } },
        "loc": { "start": { "line": 26, "column": 91 }, "end": { "line": 41, "column": 1 } }
      }
    },
    "branchMap": {
      "0": {
        "loc": { "start": { "line": 16, "column": 30 }, "end": { "line": 16, "column": 54 } },
        "type": "binary-expr",
        "locations": [
          { "start": { "line": 16, "column": 30 }, "end": { "line": 16, "column": 51 } },
          { "start": { "line": 16, "column": 30 }, "end": { "line": 16, "column": 53 } }
        ]
      },
      "1": {
        "loc": { "start": { "line": 17, "column": 30 }, "end": { "line": 17, "column": 52 } },
        "type": "binary-expr",
        "locations": [
          { "start": { "line": 17, "column": 30 }, "end": { "line": 17, "column": 49 } },
          { "start": { "line": 17, "column": 30 }, "end": { "line": 17, "column": 51 } }
        ]
      },
      "2": {
        "loc": { "start": { "line": 32, "column": 4 }, "end": { "line": 39, "column": 5 } },
        "type": "if",
        "locations": [
          { "start": { "line": 32, "column": 4 }, "end": { "line": 39, "column": 5 } },
          { "start": { "line": 37, "column": 11 }, "end": { "line": 39, "column": 5 } }
        ]
      },
      "3": {
        "loc": { "start": { "line": 38, "column": 20 }, "end": { "line": 38, "column": 50 } },
        "type": "binary-expr",
        "locations": [
          { "start": { "line": 38, "column": 20 }, "end": { "line": 38, "column": 46 } },
          { "start": { "line": 38, "column": 20 }, "end": { "line": 38, "column": 48 } }
        ]
      }
    },
    "s": {
      "0": 13,
      "1": 24,
      "2": 24,
      "3": 24,
      "4": 24,
      "5": 10,
      "6": 20,
      "7": 42,
      "8": 42,
      "9": 3,
      "10": 39,
      "11": 10
    },
    "f": { "0": 13, "1": 20 },
    "b": { "0": [24, 8], "1": [24, 19], "2": [3, 39], "3": [39, 26] }
  },
  "C:\\Users\\missa\\Desktop\\annil\\src\\utils\\computedUpdater.ts": {
    "path": "C:\\Users\\missa\\Desktop\\annil\\src\\utils\\computedUpdater.ts",
    "statementMap": {
      "0": { "start": { "line": 1, "column": 0 }, "end": { "line": 1, "column": 79 } },
      "1": { "start": { "line": 3, "column": 0 }, "end": { "line": 3, "column": 65 } },
      "2": { "start": { "line": 5, "column": 0 }, "end": { "line": 5, "column": 48 } },
      "3": { "start": { "line": 12, "column": 2 }, "end": { "line": 48, "column": 3 } },
      "4": { "start": { "line": 15, "column": 22 }, "end": { "line": 15, "column": 49 } },
      "5": { "start": { "line": 16, "column": 18 }, "end": { "line": 16, "column": 23 } },
      "6": { "start": { "line": 17, "column": 4 }, "end": { "line": 26, "column": 5 } },
      "7": { "start": { "line": 18, "column": 21 }, "end": { "line": 18, "column": 56 } },
      "8": { "start": { "line": 21, "column": 6 }, "end": { "line": 25, "column": 7 } },
      "9": { "start": { "line": 22, "column": 8 }, "end": { "line": 22, "column": 23 } },
      "10": { "start": { "line": 24, "column": 8 }, "end": { "line": 24, "column": 14 } },
      "11": { "start": { "line": 28, "column": 4 }, "end": { "line": 47, "column": 5 } },
      "12": { "start": { "line": 29, "column": 51 }, "end": { "line": 29, "column": 53 } },
      "13": { "start": { "line": 31, "column": 23 }, "end": { "line": 33, "column": 8 } },
      "14": { "start": { "line": 36, "column": 6 }, "end": { "line": 38, "column": 9 } },
      "15": { "start": { "line": 40, "column": 6 }, "end": { "line": 40, "column": 23 } },
      "16": { "start": { "line": 43, "column": 6 }, "end": { "line": 43, "column": 63 } },
      "17": { "start": { "line": 46, "column": 6 }, "end": { "line": 46, "column": 51 } },
      "18": { "start": { "line": 50, "column": 2 }, "end": { "line": 50, "column": 19 } },
      "19": { "start": { "line": 7, "column": 0 }, "end": { "line": 7, "column": 16 } }
    },
    "fnMap": {
      "0": {
        "name": "computedUpdater",
        "decl": { "start": { "line": 7, "column": 16 }, "end": { "line": 7, "column": 31 } },
        "loc": { "start": { "line": 7, "column": 65 }, "end": { "line": 51, "column": 1 } }
      }
    },
    "branchMap": {
      "0": {
        "loc": { "start": { "line": 7, "column": 48 }, "end": { "line": 7, "column": 65 } },
        "type": "default-arg",
        "locations": [{ "start": { "line": 7, "column": 60 }, "end": { "line": 7, "column": 65 } }]
      },
      "1": {
        "loc": { "start": { "line": 21, "column": 6 }, "end": { "line": 25, "column": 7 } },
        "type": "if",
        "locations": [{ "start": { "line": 21, "column": 6 }, "end": { "line": 25, "column": 7 } }]
      },
      "2": {
        "loc": { "start": { "line": 28, "column": 4 }, "end": { "line": 47, "column": 5 } },
        "type": "if",
        "locations": [{ "start": { "line": 28, "column": 4 }, "end": { "line": 47, "column": 5 } }]
      }
    },
    "s": {
      "0": 10,
      "1": 10,
      "2": 10,
      "3": 16,
      "4": 65,
      "5": 65,
      "6": 65,
      "7": 77,
      "8": 77,
      "9": 12,
      "10": 12,
      "11": 65,
      "12": 12,
      "13": 12,
      "14": 12,
      "15": 12,
      "16": 12,
      "17": 12,
      "18": 4,
      "19": 10
    },
    "f": { "0": 16 },
    "b": { "0": [4], "1": [12], "2": [12] }
  },
  "C:\\Users\\missa\\Desktop\\annil\\src\\utils\\customEventsHandle.ts": {
    "path": "C:\\Users\\missa\\Desktop\\annil\\src\\utils\\customEventsHandle.ts",
    "statementMap": {
      "0": { "start": { "line": 8, "column": 2 }, "end": { "line": 8, "column": 82 } },
      "1": { "start": { "line": 18, "column": 2 }, "end": { "line": 30, "column": 3 } },
      "2": { "start": { "line": 19, "column": 31 }, "end": { "line": 19, "column": 54 } },
      "3": { "start": { "line": 21, "column": 4 }, "end": { "line": 29, "column": 5 } },
      "4": { "start": { "line": 22, "column": 6 }, "end": { "line": 24, "column": 8 } },
      "5": { "start": { "line": 23, "column": 9 }, "end": { "line": 23, "column": 92 } },
      "6": { "start": { "line": 26, "column": 6 }, "end": { "line": 28, "column": 8 } },
      "7": { "start": { "line": 27, "column": 9 }, "end": { "line": 27, "column": 64 } },
      "8": { "start": { "line": 14, "column": 0 }, "end": { "line": 14, "column": 16 } }
    },
    "fnMap": {
      "0": {
        "name": "IsFullCustomEvents",
        "decl": { "start": { "line": 5, "column": 9 }, "end": { "line": 5, "column": 27 } },
        "loc": { "start": { "line": 6, "column": 59 }, "end": { "line": 9, "column": 1 } }
      },
      "1": {
        "name": "customEventsHandle",
        "decl": { "start": { "line": 14, "column": 16 }, "end": { "line": 14, "column": 34 } },
        "loc": { "start": { "line": 14, "column": 97 }, "end": { "line": 31, "column": 1 } }
      },
      "2": {
        "name": "(anonymous_2)",
        "decl": { "start": { "line": 22, "column": 38 }, "end": { "line": 22, "column": 47 } },
        "loc": { "start": { "line": 22, "column": 62 }, "end": { "line": 24, "column": 7 } }
      },
      "3": {
        "name": "(anonymous_3)",
        "decl": { "start": { "line": 26, "column": 38 }, "end": { "line": 26, "column": 47 } },
        "loc": { "start": { "line": 26, "column": 62 }, "end": { "line": 28, "column": 7 } }
      }
    },
    "branchMap": {
      "0": {
        "loc": { "start": { "line": 21, "column": 4 }, "end": { "line": 29, "column": 5 } },
        "type": "if",
        "locations": [
          { "start": { "line": 21, "column": 4 }, "end": { "line": 29, "column": 5 } },
          { "start": { "line": 25, "column": 11 }, "end": { "line": 29, "column": 5 } }
        ]
      }
    },
    "s": { "0": 2, "1": 1, "2": 2, "3": 2, "4": 1, "5": 1, "6": 1, "7": 1, "8": 10 },
    "f": { "0": 2, "1": 1, "2": 1, "3": 1 },
    "b": { "0": [1, 1] }
  },
  "C:\\Users\\missa\\Desktop\\annil\\src\\utils\\deepClone.ts": {
    "path": "C:\\Users\\missa\\Desktop\\annil\\src\\utils\\deepClone.ts",
    "statementMap": {
      "0": { "start": { "line": 5, "column": 2 }, "end": { "line": 7, "column": 3 } },
      "1": { "start": { "line": 6, "column": 4 }, "end": { "line": 6, "column": 17 } },
      "2": { "start": { "line": 8, "column": 17 }, "end": { "line": 8, "column": 47 } },
      "3": { "start": { "line": 10, "column": 2 }, "end": { "line": 10, "column": 61 } },
      "4": { "start": { "line": 12, "column": 2 }, "end": { "line": 16, "column": 3 } },
      "5": { "start": { "line": 13, "column": 4 }, "end": { "line": 15, "column": 5 } },
      "6": { "start": { "line": 14, "column": 6 }, "end": { "line": 14, "column": 41 } },
      "7": { "start": { "line": 18, "column": 2 }, "end": { "line": 18, "column": 15 } },
      "8": { "start": { "line": 4, "column": 0 }, "end": { "line": 4, "column": 16 } }
    },
    "fnMap": {
      "0": {
        "name": "deepClone",
        "decl": { "start": { "line": 4, "column": 16 }, "end": { "line": 4, "column": 25 } },
        "loc": { "start": { "line": 4, "column": 37 }, "end": { "line": 19, "column": 1 } }
      }
    },
    "branchMap": {
      "0": {
        "loc": { "start": { "line": 5, "column": 2 }, "end": { "line": 7, "column": 3 } },
        "type": "if",
        "locations": [{ "start": { "line": 5, "column": 2 }, "end": { "line": 7, "column": 3 } }]
      },
      "1": {
        "loc": { "start": { "line": 5, "column": 6 }, "end": { "line": 5, "column": 49 } },
        "type": "binary-expr",
        "locations": [
          { "start": { "line": 5, "column": 6 }, "end": { "line": 5, "column": 31 } },
          { "start": { "line": 5, "column": 35 }, "end": { "line": 5, "column": 49 } }
        ]
      },
      "2": {
        "loc": { "start": { "line": 8, "column": 17 }, "end": { "line": 8, "column": 47 } },
        "type": "cond-expr",
        "locations": [
          { "start": { "line": 8, "column": 40 }, "end": { "line": 8, "column": 42 } },
          { "start": { "line": 8, "column": 45 }, "end": { "line": 8, "column": 47 } }
        ]
      },
      "3": {
        "loc": { "start": { "line": 13, "column": 4 }, "end": { "line": 15, "column": 5 } },
        "type": "if",
        "locations": [{ "start": { "line": 13, "column": 4 }, "end": { "line": 15, "column": 5 } }]
      }
    },
    "s": { "0": 291, "1": 186, "2": 105, "3": 105, "4": 105, "5": 242, "6": 242, "7": 105, "8": 10 },
    "f": { "0": 291 },
    "b": { "0": [186], "1": [291, 107], "2": [12, 93], "3": [242] }
  },
  "C:\\Users\\missa\\Desktop\\annil\\src\\utils\\deleteProtoField.ts": {
    "path": "C:\\Users\\missa\\Desktop\\annil\\src\\utils\\deleteProtoField.ts",
    "statementMap": {
      "0": { "start": { "line": 5, "column": 2 }, "end": { "line": 5, "column": 58 } },
      "1": { "start": { "line": 4, "column": 0 }, "end": { "line": 4, "column": 16 } }
    },
    "fnMap": {
      "0": {
        "name": "deleteProtoField",
        "decl": { "start": { "line": 4, "column": 16 }, "end": { "line": 4, "column": 32 } },
        "loc": { "start": { "line": 4, "column": 71 }, "end": { "line": 6, "column": 1 } }
      }
    },
    "branchMap": {},
    "s": { "0": 21, "1": 10 },
    "f": { "0": 21 },
    "b": {}
  },
  "C:\\Users\\missa\\Desktop\\annil\\src\\utils\\eventsHandle.ts": {
    "path": "C:\\Users\\missa\\Desktop\\annil\\src\\utils\\eventsHandle.ts",
    "statementMap": {
      "0": { "start": { "line": 7, "column": 2 }, "end": { "line": 7, "column": 34 } },
      "1": { "start": { "line": 9, "column": 2 }, "end": { "line": 9, "column": 56 } },
      "2": { "start": { "line": 6, "column": 0 }, "end": { "line": 6, "column": 16 } }
    },
    "fnMap": {
      "0": {
        "name": "eventsHandle",
        "decl": { "start": { "line": 6, "column": 16 }, "end": { "line": 6, "column": 28 } },
        "loc": { "start": { "line": 6, "column": 85 }, "end": { "line": 10, "column": 1 } }
      }
    },
    "branchMap": {
      "0": {
        "loc": { "start": { "line": 7, "column": 2 }, "end": { "line": 7, "column": 34 } },
        "type": "binary-expr",
        "locations": [
          { "start": { "line": 7, "column": 2 }, "end": { "line": 7, "column": 26 } },
          { "start": { "line": 7, "column": 2 }, "end": { "line": 7, "column": 33 } }
        ]
      }
    },
    "s": { "0": 2, "1": 2, "2": 10 },
    "f": { "0": 2 },
    "b": { "0": [2, 1] }
  },
  "C:\\Users\\missa\\Desktop\\annil\\src\\utils\\getPathsValue.ts": {
    "path": "C:\\Users\\missa\\Desktop\\annil\\src\\utils\\getPathsValue.ts",
    "statementMap": {
      "0": { "start": { "line": 4, "column": 2 }, "end": { "line": 11, "column": 16 } },
      "1": { "start": { "line": 6, "column": 4 }, "end": { "line": 10, "column": 5 } },
      "2": { "start": { "line": 7, "column": 6 }, "end": { "line": 7, "column": 23 } },
      "3": { "start": { "line": 9, "column": 6 }, "end": { "line": 9, "column": 23 } },
      "4": { "start": { "line": 3, "column": 0 }, "end": { "line": 3, "column": 16 } }
    },
    "fnMap": {
      "0": {
        "name": "getPathsValue",
        "decl": { "start": { "line": 3, "column": 16 }, "end": { "line": 3, "column": 29 } },
        "loc": { "start": { "line": 3, "column": 61 }, "end": { "line": 12, "column": 1 } }
      },
      "1": {
        "name": "(anonymous_1)",
        "decl": { "start": { "line": 4, "column": 22 }, "end": { "line": 4, "column": 23 } },
        "loc": { "start": { "line": 4, "column": 41 }, "end": { "line": 11, "column": 3 } }
      }
    },
    "branchMap": {},
    "s": { "0": 91, "1": 113, "2": 113, "3": 4, "4": 10 },
    "f": { "0": 91, "1": 113 },
    "b": {}
  },
  "C:\\Users\\missa\\Desktop\\annil\\src\\utils\\initWatchOldValue.ts": {
    "path": "C:\\Users\\missa\\Desktop\\annil\\src\\utils\\initWatchOldValue.ts",
    "statementMap": {
      "0": { "start": { "line": 2, "column": 0 }, "end": { "line": 2, "column": 40 } },
      "1": { "start": { "line": 3, "column": 0 }, "end": { "line": 3, "column": 48 } },
      "2": { "start": { "line": 6, "column": 24 }, "end": { "line": 6, "column": 26 } },
      "3": { "start": { "line": 7, "column": 2 }, "end": { "line": 9, "column": 3 } },
      "4": { "start": { "line": 8, "column": 4 }, "end": { "line": 8, "column": 77 } },
      "5": { "start": { "line": 11, "column": 2 }, "end": { "line": 11, "column": 23 } },
      "6": { "start": { "line": 5, "column": 0 }, "end": { "line": 5, "column": 16 } }
    },
    "fnMap": {
      "0": {
        "name": "initWatchOldValue",
        "decl": { "start": { "line": 5, "column": 16 }, "end": { "line": 5, "column": 33 } },
        "loc": { "start": { "line": 5, "column": 69 }, "end": { "line": 12, "column": 1 } }
      }
    },
    "branchMap": {},
    "s": { "0": 10, "1": 10, "2": 3, "3": 3, "4": 14, "5": 3, "6": 10 },
    "f": { "0": 3 },
    "b": {}
  },
  "C:\\Users\\missa\\Desktop\\annil\\src\\utils\\isEmptyObject.ts": {
    "path": "C:\\Users\\missa\\Desktop\\annil\\src\\utils\\isEmptyObject.ts",
    "statementMap": {
      "0": { "start": { "line": 5, "column": 2 }, "end": { "line": 10, "column": 3 } },
      "1": { "start": { "line": 9, "column": 4 }, "end": { "line": 9, "column": 17 } },
      "2": { "start": { "line": 12, "column": 2 }, "end": { "line": 12, "column": 43 } },
      "3": { "start": { "line": 4, "column": 0 }, "end": { "line": 4, "column": 16 } }
    },
    "fnMap": {
      "0": {
        "name": "isEmptyObject",
        "decl": { "start": { "line": 4, "column": 16 }, "end": { "line": 4, "column": 29 } },
        "loc": { "start": { "line": 4, "column": 42 }, "end": { "line": 13, "column": 1 } }
      }
    },
    "branchMap": {
      "0": {
        "loc": { "start": { "line": 5, "column": 2 }, "end": { "line": 10, "column": 3 } },
        "type": "if",
        "locations": [{ "start": { "line": 5, "column": 2 }, "end": { "line": 10, "column": 3 } }]
      },
      "1": {
        "loc": { "start": { "line": 6, "column": 4 }, "end": { "line": 7, "column": 55 } },
        "type": "binary-expr",
        "locations": [
          { "start": { "line": 6, "column": 4 }, "end": { "line": 6, "column": 27 } },
          { "start": { "line": 6, "column": 31 }, "end": { "line": 6, "column": 43 } },
          { "start": { "line": 6, "column": 47 }, "end": { "line": 6, "column": 65 } },
          { "start": { "line": 6, "column": 69 }, "end": { "line": 6, "column": 87 } },
          { "start": { "line": 6, "column": 91 }, "end": { "line": 6, "column": 109 } },
          { "start": { "line": 7, "column": 7 }, "end": { "line": 7, "column": 29 } },
          { "start": { "line": 7, "column": 33 }, "end": { "line": 7, "column": 55 } }
        ]
      }
    },
    "s": { "0": 36, "1": 9, "2": 27, "3": 10 },
    "f": { "0": 36 },
    "b": { "0": [9], "1": [36, 36, 36, 27, 27, 27, 27] }
  },
  "C:\\Users\\missa\\Desktop\\annil\\src\\utils\\onLoadHijack.ts": {
    "path": "C:\\Users\\missa\\Desktop\\annil\\src\\utils\\onLoadHijack.ts",
    "statementMap": {
      "0": { "start": { "line": 3, "column": 0 }, "end": { "line": 3, "column": 40 } },
      "1": { "start": { "line": 9, "column": 0 }, "end": { "line": 9, "column": 16 } }
    },
    "fnMap": {},
    "branchMap": {},
    "s": { "0": 10, "1": 10 },
    "f": {},
    "b": {}
  },
  "C:\\Users\\missa\\Desktop\\annil\\src\\utils\\rootComponentFieldHandle.ts": {
    "path": "C:\\Users\\missa\\Desktop\\annil\\src\\utils\\rootComponentFieldHandle.ts",
    "statementMap": {
      "0": { "start": { "line": 3, "column": 0 }, "end": { "line": 3, "column": 67 } },
      "1": { "start": { "line": 5, "column": 0 }, "end": { "line": 5, "column": 58 } },
      "2": { "start": { "line": 6, "column": 0 }, "end": { "line": 6, "column": 46 } },
      "3": { "start": { "line": 13, "column": 2 }, "end": { "line": 13, "column": 109 } },
      "4": { "start": { "line": 15, "column": 2 }, "end": { "line": 15, "column": 91 } },
      "5": { "start": { "line": 22, "column": 2 }, "end": { "line": 22, "column": 109 } },
      "6": { "start": { "line": 24, "column": 2 }, "end": { "line": 24, "column": 97 } },
      "7": { "start": { "line": 26, "column": 2 }, "end": { "line": 26, "column": 59 } },
      "8": { "start": { "line": 8, "column": 0 }, "end": { "line": 8, "column": 16 } }
    },
    "fnMap": {
      "0": {
        "name": "rootComponentFieldHandle",
        "decl": { "start": { "line": 8, "column": 16 }, "end": { "line": 8, "column": 40 } },
        "loc": { "start": { "line": 11, "column": 24 }, "end": { "line": 27, "column": 1 } }
      }
    },
    "branchMap": {
      "0": {
        "loc": { "start": { "line": 13, "column": 2 }, "end": { "line": 13, "column": 108 } },
        "type": "binary-expr",
        "locations": [
          { "start": { "line": 13, "column": 2 }, "end": { "line": 13, "column": 34 } },
          { "start": { "line": 13, "column": 38 }, "end": { "line": 13, "column": 108 } }
        ]
      },
      "1": {
        "loc": { "start": { "line": 15, "column": 2 }, "end": { "line": 15, "column": 90 } },
        "type": "binary-expr",
        "locations": [
          { "start": { "line": 15, "column": 2 }, "end": { "line": 15, "column": 28 } },
          { "start": { "line": 15, "column": 32 }, "end": { "line": 15, "column": 90 } }
        ]
      },
      "2": {
        "loc": { "start": { "line": 22, "column": 2 }, "end": { "line": 22, "column": 108 } },
        "type": "binary-expr",
        "locations": [
          { "start": { "line": 22, "column": 2 }, "end": { "line": 22, "column": 31 } },
          { "start": { "line": 22, "column": 35 }, "end": { "line": 22, "column": 108 } }
        ]
      },
      "3": {
        "loc": { "start": { "line": 24, "column": 2 }, "end": { "line": 24, "column": 96 } },
        "type": "binary-expr",
        "locations": [
          { "start": { "line": 24, "column": 2 }, "end": { "line": 24, "column": 27 } },
          { "start": { "line": 24, "column": 31 }, "end": { "line": 24, "column": 96 } }
        ]
      }
    },
    "s": { "0": 10, "1": 10, "2": 10, "3": 10, "4": 10, "5": 10, "6": 10, "7": 10, "8": 10 },
    "f": { "0": 10 },
    "b": { "0": [10, 1], "1": [10, 1], "2": [10, 5], "3": [10, 3] }
  },
  "C:\\Users\\missa\\Desktop\\annil\\src\\utils\\subComponentsHandle.ts": {
    "path": "C:\\Users\\missa\\Desktop\\annil\\src\\utils\\subComponentsHandle.ts",
    "statementMap": {
      "0": { "start": { "line": 3, "column": 0 }, "end": { "line": 3, "column": 67 } },
      "1": { "start": { "line": 5, "column": 0 }, "end": { "line": 5, "column": 46 } },
      "2": { "start": { "line": 12, "column": 2 }, "end": { "line": 24, "column": 5 } },
      "3": { "start": { "line": 13, "column": 4 }, "end": { "line": 13, "column": 73 } },
      "4": { "start": { "line": 19, "column": 4 }, "end": { "line": 19, "column": 91 } },
      "5": { "start": { "line": 21, "column": 4 }, "end": { "line": 21, "column": 79 } },
      "6": { "start": { "line": 23, "column": 4 }, "end": { "line": 23, "column": 51 } },
      "7": { "start": { "line": 7, "column": 0 }, "end": { "line": 7, "column": 16 } }
    },
    "fnMap": {
      "0": {
        "name": "subComponentsHandle",
        "decl": { "start": { "line": 7, "column": 16 }, "end": { "line": 7, "column": 35 } },
        "loc": { "start": { "line": 10, "column": 24 }, "end": { "line": 25, "column": 1 } }
      },
      "1": {
        "name": "(anonymous_1)",
        "decl": { "start": { "line": 12, "column": 24 }, "end": { "line": 12, "column": 25 } },
        "loc": { "start": { "line": 12, "column": 38 }, "end": { "line": 24, "column": 3 } }
      }
    },
    "branchMap": {
      "0": {
        "loc": { "start": { "line": 13, "column": 4 }, "end": { "line": 13, "column": 72 } },
        "type": "binary-expr",
        "locations": [
          { "start": { "line": 13, "column": 4 }, "end": { "line": 13, "column": 20 } },
          { "start": { "line": 13, "column": 24 }, "end": { "line": 13, "column": 72 } }
        ]
      },
      "1": {
        "loc": { "start": { "line": 19, "column": 4 }, "end": { "line": 19, "column": 90 } },
        "type": "binary-expr",
        "locations": [
          { "start": { "line": 19, "column": 4 }, "end": { "line": 19, "column": 23 } },
          { "start": { "line": 19, "column": 27 }, "end": { "line": 19, "column": 90 } }
        ]
      },
      "2": {
        "loc": { "start": { "line": 21, "column": 4 }, "end": { "line": 21, "column": 78 } },
        "type": "binary-expr",
        "locations": [
          { "start": { "line": 21, "column": 4 }, "end": { "line": 21, "column": 19 } },
          { "start": { "line": 21, "column": 23 }, "end": { "line": 21, "column": 78 } }
        ]
      }
    },
    "s": { "0": 10, "1": 10, "2": 9, "3": 10, "4": 10, "5": 10, "6": 10, "7": 10 },
    "f": { "0": 9, "1": 10 },
    "b": { "0": [10, 1], "1": [10, 2], "2": [10, 3] }
  }
}
