TN:
SF:src\index.ts
FN:17,(anonymous_0)
FN:17,(anonymous_1)
FN:17,(anonymous_2)
FN:17,(anonymous_3)
FNF:4
FNH:3
FNDA:0,(anonymous_0)
FNDA:10,(anonymous_1)
FNDA:10,(anonymous_2)
FNDA:10,(anonymous_3)
DA:5,10
DA:7,10
DA:9,10
DA:11,10
DA:17,20
LF:5
LH:5
BRF:0
BRH:0
end_of_record
TN:
SF:src\api\DefineComponent\index.ts
FN:91,(anonymous_0)
FNF:1
FNH:1
FNDA:10,(anonymous_0)
DA:3,10
DA:4,10
DA:5,10
DA:6,10
DA:8,10
DA:9,10
DA:10,10
DA:11,10
DA:12,10
DA:22,10
DA:23,10
DA:91,10
DA:92,10
DA:95,10
DA:109,10
DA:111,10
DA:112,10
DA:115,10
DA:116,9
DA:124,10
DA:126,10
DA:128,10
DA:136,10
LF:23
LH:23
BRDA:111,0,0,10
BRDA:111,1,0,10
BRDA:111,1,1,10
BRDA:115,2,0,9
BRDA:115,3,0,10
BRDA:115,3,1,9
BRDA:124,4,0,10
BRDA:124,4,1,2
BRF:8
BRH:8
end_of_record
TN:
SF:src\api\RootComponent\index.ts
FN:132,RootComponent
FN:138,(anonymous_1)
FNF:2
FNH:2
FNDA:10,RootComponent
FNDA:10,(anonymous_1)
DA:132,10
DA:138,10
LF:2
LH:2
BRF:0
BRH:0
end_of_record
TN:
SF:src\api\SubComponent\index.ts
FN:194,SubComponent
FN:199,(anonymous_1)
FNF:2
FNH:2
FNDA:10,SubComponent
FNDA:10,(anonymous_1)
DA:194,10
DA:199,10
LF:2
LH:2
BRF:0
BRH:0
end_of_record
TN:
SF:src\behaviors\BStore.ts
FN:7,(anonymous_0)
FN:21,(anonymous_1)
FN:28,(anonymous_2)
FN:40,(anonymous_3)
FN:53,(anonymous_4)
FNF:5
FNH:4
FNDA:10,(anonymous_0)
FNDA:1,(anonymous_1)
FNDA:10,(anonymous_2)
FNDA:2,(anonymous_3)
FNDA:0,(anonymous_4)
DA:3,10
DA:6,10
DA:9,10
DA:10,10
DA:11,1
DA:12,1
DA:13,2
DA:15,2
DA:21,2
DA:23,2
DA:30,10
DA:31,10
DA:32,1
DA:34,1
DA:36,1
DA:38,2
DA:42,2
DA:51,1
LF:18
LH:18
BRDA:10,0,0,9
BRDA:13,1,0,2
BRDA:13,1,1,1
BRDA:30,2,0,9
BRDA:30,2,1,1
BRDA:30,3,0,10
BRDA:30,3,1,10
BRDA:31,4,0,9
BRF:8
BRH:8
end_of_record
TN:
SF:src\behaviors\BbeforeCreated.ts
FN:4,(anonymous_0)
FNF:1
FNH:1
FNDA:10,(anonymous_0)
DA:3,10
DA:6,10
DA:8,10
LF:3
LH:3
BRDA:6,0,0,5
BRDA:6,0,1,5
BRDA:6,1,0,10
BRDA:6,1,1,10
BRDA:8,2,0,10
BRDA:8,2,1,1
BRF:6
BRH:6
end_of_record
TN:
SF:src\behaviors\BComputedAndWatch\IsPage.ts
FN:3,isPage
FNF:1
FNH:1
FNDA:10,isPage
DA:3,10
DA:4,10
LF:2
LH:2
BRF:0
BRH:0
end_of_record
TN:
SF:src\behaviors\BComputedAndWatch\data-tracer.ts
FN:3,deepProxy
FN:9,(anonymous_1)
FN:48,unwrap
FNF:3
FNH:3
FNDA:66,deepProxy
FNDA:84,(anonymous_1)
FNDA:100,unwrap
DA:3,10
DA:8,66
DA:13,84
DA:15,70
DA:20,70
DA:22,11
DA:24,11
DA:26,11
DA:29,70
DA:31,70
DA:34,70
DA:36,12
DA:39,58
DA:41,27
DA:45,66
DA:48,10
DA:50,100
DA:51,58
DA:54,42
DA:55,42
DA:56,14
DA:59,42
LF:22
LH:22
BRDA:6,0,0,39
BRDA:13,1,0,14
BRDA:20,2,0,11
BRDA:24,3,0,11
BRDA:34,4,0,12
BRDA:34,5,0,70
BRDA:34,5,1,58
BRDA:36,6,0,1
BRDA:36,6,1,11
BRDA:39,7,0,31
BRDA:39,8,0,58
BRDA:39,8,1,36
BRDA:50,9,0,58
BRDA:50,10,0,100
BRDA:50,10,1,55
BRDA:55,11,0,14
BRF:16
BRH:16
end_of_record
TN:
SF:src\behaviors\BComputedAndWatch\index.ts
FN:26,(anonymous_0)
FN:37,(anonymous_1)
FN:43,(anonymous_2)
FN:88,(anonymous_3)
FN:94,(anonymous_4)
FN:107,(anonymous_5)
FN:118,(anonymous_6)
FNF:7
FNH:7
FNDA:10,(anonymous_0)
FNDA:4,(anonymous_1)
FNDA:27,(anonymous_2)
FNDA:3,(anonymous_3)
FNDA:27,(anonymous_4)
FNDA:10,(anonymous_5)
FNDA:10,(anonymous_6)
DA:3,10
DA:4,10
DA:5,10
DA:6,10
DA:7,10
DA:8,10
DA:9,10
DA:25,10
DA:27,10
DA:30,10
DA:34,4
DA:37,4
DA:39,4
DA:41,4
DA:43,4
DA:44,27
DA:45,27
DA:48,2
DA:50,2
DA:54,18
DA:58,4
DA:59,4
DA:61,3
DA:64,1
DA:67,4
DA:72,3
DA:74,3
DA:76,3
DA:82,10
DA:83,10
DA:88,3
DA:90,3
DA:91,3
DA:92,14
DA:94,14
DA:95,27
DA:96,27
DA:98,27
DA:99,25
DA:101,25
DA:109,10
DA:111,10
DA:113,10
DA:115,3
DA:119,10
DA:121,10
LF:46
LH:46
BRDA:30,0,0,4
BRDA:30,1,0,10
BRDA:30,1,1,4
BRDA:39,2,0,4
BRDA:39,2,1,4
BRDA:45,3,0,2
BRDA:45,3,1,18
BRDA:45,3,2,4
BRDA:45,3,3,3
BRDA:48,4,0,2
BRDA:59,5,0,3
BRDA:59,5,1,1
BRDA:64,6,0,1
BRDA:74,7,0,3
BRDA:83,8,0,3
BRDA:83,9,0,10
BRDA:83,9,1,3
BRDA:90,10,0,3
BRDA:90,10,1,2
BRDA:98,11,0,2
BRDA:98,12,0,27
BRDA:98,12,1,25
BRDA:109,13,0,7
BRDA:109,13,1,3
BRDA:109,14,0,10
BRDA:109,14,1,10
BRDA:113,15,0,3
BRDA:119,16,0,10
BRF:28
BRH:28
end_of_record
TN:
SF:src\behaviors\BComputedAndWatch\initComputed.ts
FN:19,isValidDependences
FN:31,getComputedInfo
FN:81,uniqueDependences
FN:118,_initComputed
FN:129,(anonymous_4)
FN:151,initComputed
FNF:6
FNH:6
FNDA:27,isValidDependences
FNDA:27,getComputedInfo
FNDA:20,uniqueDependences
FNDA:8,_initComputed
FNDA:102,(anonymous_4)
FNDA:10,initComputed
DA:5,10
DA:6,10
DA:7,10
DA:20,27
DA:23,37
DA:24,9
DA:28,18
DA:31,10
DA:38,27
DA:41,27
DA:55,27
DA:57,18
DA:59,18
DA:63,18
DA:68,9
DA:82,20
DA:85,6
DA:86,12
DA:87,12
DA:88,10
DA:90,10
DA:94,1
DA:96,1
DA:98,9
DA:102,1
DA:104,1
DA:109,4
DA:125,8
DA:126,27
DA:129,102
DA:131,27
DA:133,9
DA:135,18
DA:144,8
DA:145,4
DA:149,4
DA:151,10
DA:152,10
DA:154,10
DA:156,10
DA:158,4
DA:161,4
DA:169,4
DA:171,4
LF:44
LH:44
BRDA:23,0,0,9
BRDA:23,1,0,37
BRDA:23,1,1,9
BRDA:55,2,0,18
BRDA:55,2,1,9
BRDA:82,3,0,14
BRDA:90,4,0,1
BRDA:98,5,0,1
BRDA:122,6,0,4
BRDA:131,7,0,9
BRDA:131,7,1,18
BRDA:144,8,0,4
BRDA:152,9,0,6
BRDA:152,9,1,4
BRDA:152,10,0,10
BRDA:152,10,1,10
BRDA:156,11,0,4
BRF:17
BRH:17
end_of_record
TN:
SF:src\behaviors\BComputedAndWatch\isEqual.ts
FN:4,isEqual
FNF:1
FNH:1
FNDA:121,isEqual
DA:4,10
DA:5,121
DA:6,69
DA:9,52
DA:10,37
DA:12,15
DA:13,15
DA:20,15
DA:21,19
DA:22,11
DA:26,4
LF:11
LH:11
BRDA:5,0,0,69
BRDA:9,1,0,37
BRDA:9,2,0,52
BRDA:9,2,1,24
BRDA:9,2,2,24
BRDA:9,2,3,22
BRDA:21,3,0,11
BRDA:21,4,0,19
BRDA:21,4,1,19
BRF:9
BRH:9
end_of_record
TN:
SF:src\utils\InnerMarker.ts
FNF:0
FNH:0
DA:1,10
LF:1
LH:1
BRF:0
BRH:0
end_of_record
TN:
SF:src\utils\InternalFieldProtection.ts
FNF:0
FNH:0
DA:4,10
DA:10,10
LF:2
LH:2
BRF:0
BRH:0
end_of_record
TN:
SF:src\utils\collector.ts
FN:8,funcFieldsCollect
FN:24,otherFieldsHandle
FNF:2
FNH:2
FNDA:13,funcFieldsCollect
FNDA:20,otherFieldsHandle
DA:8,10
DA:13,13
DA:14,24
DA:16,24
DA:17,24
DA:19,24
DA:24,10
DA:28,20
DA:29,42
DA:32,42
DA:36,3
DA:38,39
LF:12
LH:12
BRDA:16,0,0,24
BRDA:16,0,1,8
BRDA:17,1,0,24
BRDA:17,1,1,19
BRDA:32,2,0,3
BRDA:32,2,1,39
BRDA:38,3,0,39
BRDA:38,3,1,26
BRF:8
BRH:8
end_of_record
TN:
SF:src\utils\computedUpdater.ts
FN:7,computedUpdater
FNF:1
FNH:1
FNDA:16,computedUpdater
DA:1,10
DA:3,10
DA:5,10
DA:7,10
DA:12,16
DA:15,65
DA:16,65
DA:17,65
DA:18,77
DA:21,77
DA:22,12
DA:24,12
DA:28,65
DA:29,12
DA:31,12
DA:36,12
DA:40,12
DA:43,12
DA:46,12
DA:50,4
LF:20
LH:20
BRDA:7,0,0,4
BRDA:21,1,0,12
BRDA:28,2,0,12
BRF:3
BRH:3
end_of_record
TN:
SF:src\utils\customEventsHandle.ts
FN:5,IsFullCustomEvents
FN:14,customEventsHandle
FN:22,(anonymous_2)
FN:26,(anonymous_3)
FNF:4
FNH:4
FNDA:2,IsFullCustomEvents
FNDA:1,customEventsHandle
FNDA:1,(anonymous_2)
FNDA:1,(anonymous_3)
DA:8,2
DA:14,10
DA:18,1
DA:19,2
DA:21,2
DA:22,1
DA:23,1
DA:26,1
DA:27,1
LF:9
LH:9
BRDA:21,0,0,1
BRDA:21,0,1,1
BRF:2
BRH:2
end_of_record
TN:
SF:src\utils\deepClone.ts
FN:4,deepClone
FNF:1
FNH:1
FNDA:291,deepClone
DA:4,10
DA:5,291
DA:6,186
DA:8,105
DA:10,105
DA:12,105
DA:13,242
DA:14,242
DA:18,105
LF:9
LH:9
BRDA:5,0,0,186
BRDA:5,1,0,291
BRDA:5,1,1,107
BRDA:8,2,0,12
BRDA:8,2,1,93
BRDA:13,3,0,242
BRF:6
BRH:6
end_of_record
TN:
SF:src\utils\deleteProtoField.ts
FN:4,deleteProtoField
FNF:1
FNH:1
FNDA:21,deleteProtoField
DA:4,10
DA:5,21
LF:2
LH:2
BRF:0
BRH:0
end_of_record
TN:
SF:src\utils\eventsHandle.ts
FN:6,eventsHandle
FNF:1
FNH:1
FNDA:2,eventsHandle
DA:6,10
DA:7,2
DA:9,2
LF:3
LH:3
BRDA:7,0,0,2
BRDA:7,0,1,1
BRF:2
BRH:2
end_of_record
TN:
SF:src\utils\getPathsValue.ts
FN:3,getPathsValue
FN:4,(anonymous_1)
FNF:2
FNH:2
FNDA:91,getPathsValue
FNDA:113,(anonymous_1)
DA:3,10
DA:4,91
DA:6,113
DA:7,113
DA:9,4
LF:5
LH:5
BRF:0
BRH:0
end_of_record
TN:
SF:src\utils\initWatchOldValue.ts
FN:5,initWatchOldValue
FNF:1
FNH:1
FNDA:3,initWatchOldValue
DA:2,10
DA:3,10
DA:5,10
DA:6,3
DA:7,3
DA:8,14
DA:11,3
LF:7
LH:7
BRF:0
BRH:0
end_of_record
TN:
SF:src\utils\isEmptyObject.ts
FN:4,isEmptyObject
FNF:1
FNH:1
FNDA:36,isEmptyObject
DA:4,10
DA:5,36
DA:9,9
DA:12,27
LF:4
LH:4
BRDA:5,0,0,9
BRDA:6,1,0,36
BRDA:6,1,1,36
BRDA:6,1,2,36
BRDA:6,1,3,27
BRDA:6,1,4,27
BRDA:6,1,5,27
BRDA:6,1,6,27
BRF:8
BRH:8
end_of_record
TN:
SF:src\utils\onLoadHijack.ts
FNF:0
FNH:0
DA:3,10
DA:9,10
LF:2
LH:2
BRF:0
BRH:0
end_of_record
TN:
SF:src\utils\rootComponentFieldHandle.ts
FN:8,rootComponentFieldHandle
FNF:1
FNH:1
FNDA:10,rootComponentFieldHandle
DA:3,10
DA:5,10
DA:6,10
DA:8,10
DA:13,10
DA:15,10
DA:22,10
DA:24,10
DA:26,10
LF:9
LH:9
BRDA:13,0,0,10
BRDA:13,0,1,1
BRDA:15,1,0,10
BRDA:15,1,1,1
BRDA:22,2,0,10
BRDA:22,2,1,5
BRDA:24,3,0,10
BRDA:24,3,1,3
BRF:8
BRH:8
end_of_record
TN:
SF:src\utils\subComponentsHandle.ts
FN:7,subComponentsHandle
FN:12,(anonymous_1)
FNF:2
FNH:2
FNDA:9,subComponentsHandle
FNDA:10,(anonymous_1)
DA:3,10
DA:5,10
DA:7,10
DA:12,9
DA:13,10
DA:19,10
DA:21,10
DA:23,10
LF:8
LH:8
BRDA:13,0,0,10
BRDA:13,0,1,1
BRDA:19,1,0,10
BRDA:19,1,1,2
BRDA:21,2,0,10
BRDA:21,2,1,3
BRF:6
BRH:6
end_of_record
