TN:
SF:src\index.ts
FN:17,(anonymous_0)
FN:17,(anonymous_1)
FN:17,(anonymous_2)
FN:17,(anonymous_3)
FNF:4
FNH:3
FNDA:0,(anonymous_0)
FNDA:10,(anonymous_1)
FNDA:10,(anonymous_2)
FNDA:10,(anonymous_3)
DA:5,10
DA:7,10
DA:9,10
DA:11,10
DA:17,20
LF:5
LH:5
BRF:0
BRH:0
end_of_record
TN:
SF:src\api\DefineComponent\collectOptionsForComponent.ts
FN:93,_funcConfigHandle
FN:95,(anonymous_1)
FN:96,(anonymous_2)
FN:101,funcConfigHandle
FN:123,funcFieldsCollect
FN:140,otherFieldsHandle
FN:158,eventsHandle
FN:164,subComponentsHandle
FN:169,(anonymous_8)
FN:179,IsFullCustomEvents
FN:188,customEventsHandle
FN:199,(anonymous_11)
FN:203,(anonymous_12)
FN:216,collectRootComponentOption
FN:239,collectOptionsForComponent
FNF:15
FNH:15
FNDA:30,_funcConfigHandle
FNDA:30,(anonymous_1)
FNDA:37,(anonymous_2)
FNDA:10,funcConfigHandle
FNDA:20,funcFieldsCollect
FNDA:20,otherFieldsHandle
FNDA:2,eventsHandle
FNDA:9,subComponentsHandle
FNDA:10,(anonymous_8)
FNDA:2,IsFullCustomEvents
FNDA:1,customEventsHandle
FNDA:1,(anonymous_11)
FNDA:1,(anonymous_12)
FNDA:10,collectRootComponentOption
FNDA:10,collectOptionsForComponent
DA:2,10
DA:3,10
DA:4,10
DA:6,10
DA:7,10
DA:8,10
DA:9,10
DA:76,10
DA:94,30
DA:95,19
DA:96,37
DA:116,10
DA:118,10
DA:127,20
DA:129,60
DA:130,13
DA:131,24
DA:135,60
DA:144,20
DA:145,27
DA:146,27
DA:151,24
DA:162,2
DA:169,9
DA:170,10
DA:172,10
DA:174,10
DA:182,2
DA:195,1
DA:196,2
DA:198,2
DA:199,1
DA:200,1
DA:203,1
DA:204,1
DA:221,10
DA:223,10
DA:225,10
DA:227,10
DA:229,10
DA:231,10
DA:239,10
DA:243,10
DA:257,10
DA:263,10
DA:264,10
DA:267,10
DA:268,9
DA:276,10
DA:279,10
DA:281,10
DA:289,10
LF:52
LH:52
BRDA:116,0,0,10
BRDA:116,0,1,10
BRDA:116,1,0,10
BRDA:116,1,1,10
BRDA:118,2,0,10
BRDA:118,2,1,10
BRDA:118,3,0,10
BRDA:118,3,1,10
BRDA:129,4,0,13
BRDA:131,5,0,24
BRDA:131,5,1,19
BRDA:146,6,0,3
BRDA:146,6,1,24
BRDA:151,7,0,24
BRDA:151,7,1,17
BRDA:170,8,0,10
BRDA:170,8,1,1
BRDA:198,9,0,1
BRDA:198,9,1,1
BRDA:221,10,0,10
BRDA:221,10,1,1
BRDA:225,11,0,10
BRDA:225,11,1,1
BRDA:263,12,0,10
BRDA:263,13,0,10
BRDA:263,13,1,10
BRDA:267,14,0,9
BRDA:267,15,0,10
BRDA:267,15,1,9
BRDA:276,16,0,10
BRDA:276,16,1,2
BRF:31
BRH:31
end_of_record
TN:
SF:src\api\DefineComponent\index.ts
FN:72,(anonymous_0)
FNF:1
FNH:1
FNDA:10,(anonymous_0)
DA:15,10
DA:72,10
DA:73,10
LF:3
LH:3
BRF:0
BRH:0
end_of_record
TN:
SF:src\api\RootComponent\index.ts
FN:134,RootComponent
FN:140,(anonymous_1)
FNF:2
FNH:2
FNDA:10,RootComponent
FNDA:10,(anonymous_1)
DA:134,10
DA:140,10
LF:2
LH:2
BRF:0
BRH:0
end_of_record
TN:
SF:src\api\SubComponent\index.ts
FN:194,SubComponent
FN:199,(anonymous_1)
FNF:2
FNH:2
FNDA:10,SubComponent
FNDA:10,(anonymous_1)
DA:194,10
DA:199,10
LF:2
LH:2
BRF:0
BRH:0
end_of_record
TN:
SF:src\behaviors\BStore.ts
FN:7,(anonymous_0)
FN:21,(anonymous_1)
FN:28,(anonymous_2)
FN:40,(anonymous_3)
FN:53,(anonymous_4)
FNF:5
FNH:4
FNDA:10,(anonymous_0)
FNDA:1,(anonymous_1)
FNDA:10,(anonymous_2)
FNDA:2,(anonymous_3)
FNDA:0,(anonymous_4)
DA:3,10
DA:6,10
DA:9,10
DA:10,10
DA:11,1
DA:12,1
DA:13,2
DA:15,2
DA:21,2
DA:23,2
DA:30,10
DA:31,10
DA:32,1
DA:34,1
DA:36,1
DA:38,2
DA:42,2
DA:51,1
LF:18
LH:18
BRDA:10,0,0,9
BRDA:13,1,0,2
BRDA:13,1,1,1
BRDA:30,2,0,9
BRDA:30,2,1,1
BRDA:30,3,0,10
BRDA:30,3,1,10
BRDA:31,4,0,9
BRF:8
BRH:8
end_of_record
TN:
SF:src\behaviors\BbeforeCreated.ts
FN:4,(anonymous_0)
FNF:1
FNH:1
FNDA:10,(anonymous_0)
DA:3,10
DA:6,10
DA:8,10
LF:3
LH:3
BRDA:8,0,0,10
BRDA:8,0,1,1
BRF:2
BRH:2
end_of_record
TN:
SF:src\behaviors\BComputedAndWatch\IsPage.ts
FN:3,isPage
FNF:1
FNH:1
FNDA:10,isPage
DA:3,10
DA:4,10
LF:2
LH:2
BRF:0
BRH:0
end_of_record
TN:
SF:src\behaviors\BComputedAndWatch\computedUpdater.ts
FN:8,computedUpdater
FNF:1
FNH:1
FNDA:16,computedUpdater
DA:1,10
DA:2,10
DA:5,10
DA:8,10
DA:13,16
DA:16,65
DA:17,65
DA:18,65
DA:19,77
DA:22,77
DA:23,12
DA:25,12
DA:29,65
DA:30,12
DA:32,12
DA:37,12
DA:41,12
DA:44,12
DA:47,12
DA:51,4
LF:20
LH:20
BRDA:8,0,0,4
BRDA:22,1,0,12
BRDA:29,2,0,12
BRF:3
BRH:3
end_of_record
TN:
SF:src\behaviors\BComputedAndWatch\data-tracer.ts
FN:3,deepProxy
FN:9,(anonymous_1)
FN:48,unwrap
FNF:3
FNH:3
FNDA:66,deepProxy
FNDA:84,(anonymous_1)
FNDA:100,unwrap
DA:3,10
DA:8,66
DA:13,84
DA:15,70
DA:20,70
DA:22,11
DA:24,11
DA:26,11
DA:29,70
DA:31,70
DA:34,70
DA:36,12
DA:39,58
DA:41,27
DA:45,66
DA:48,10
DA:50,100
DA:51,58
DA:54,42
DA:55,42
DA:56,14
DA:59,42
LF:22
LH:22
BRDA:6,0,0,39
BRDA:13,1,0,14
BRDA:20,2,0,11
BRDA:24,3,0,11
BRDA:34,4,0,12
BRDA:34,5,0,70
BRDA:34,5,1,58
BRDA:36,6,0,1
BRDA:36,6,1,11
BRDA:39,7,0,31
BRDA:39,8,0,58
BRDA:39,8,1,36
BRDA:50,9,0,58
BRDA:50,10,0,100
BRDA:50,10,1,55
BRDA:55,11,0,14
BRF:16
BRH:16
end_of_record
TN:
SF:src\behaviors\BComputedAndWatch\getPathsValue.ts
FN:3,getPathsValue
FN:4,(anonymous_1)
FNF:2
FNH:2
FNDA:91,getPathsValue
FNDA:113,(anonymous_1)
DA:3,10
DA:4,91
DA:6,113
DA:7,113
DA:9,4
LF:5
LH:5
BRF:0
BRH:0
end_of_record
TN:
SF:src\behaviors\BComputedAndWatch\index.ts
FN:12,initWatchOldValue
FN:35,(anonymous_1)
FN:46,(anonymous_2)
FN:52,(anonymous_3)
FN:97,(anonymous_4)
FN:103,(anonymous_5)
FN:116,(anonymous_6)
FN:127,(anonymous_7)
FNF:8
FNH:8
FNDA:3,initWatchOldValue
FNDA:10,(anonymous_1)
FNDA:4,(anonymous_2)
FNDA:27,(anonymous_3)
FNDA:3,(anonymous_4)
FNDA:27,(anonymous_5)
FNDA:10,(anonymous_6)
FNDA:10,(anonymous_7)
DA:3,10
DA:4,10
DA:6,10
DA:7,10
DA:8,10
DA:9,10
DA:10,10
DA:13,3
DA:14,3
DA:15,14
DA:18,3
DA:34,10
DA:36,10
DA:39,10
DA:43,4
DA:46,4
DA:48,4
DA:50,4
DA:52,4
DA:53,27
DA:54,27
DA:57,2
DA:59,2
DA:63,18
DA:67,4
DA:68,4
DA:70,3
DA:73,1
DA:76,4
DA:81,3
DA:83,3
DA:85,3
DA:91,10
DA:92,10
DA:97,3
DA:99,3
DA:100,3
DA:101,14
DA:103,14
DA:104,27
DA:105,27
DA:107,27
DA:108,25
DA:110,25
DA:118,10
DA:120,10
DA:122,10
DA:124,3
DA:128,10
DA:130,10
LF:50
LH:50
BRDA:39,0,0,4
BRDA:39,1,0,10
BRDA:39,1,1,4
BRDA:48,2,0,4
BRDA:48,2,1,4
BRDA:54,3,0,2
BRDA:54,3,1,18
BRDA:54,3,2,4
BRDA:54,3,3,3
BRDA:57,4,0,2
BRDA:68,5,0,3
BRDA:68,5,1,1
BRDA:73,6,0,1
BRDA:83,7,0,3
BRDA:92,8,0,3
BRDA:92,9,0,10
BRDA:92,9,1,10
BRDA:99,10,0,3
BRDA:99,10,1,2
BRDA:107,11,0,2
BRDA:107,12,0,27
BRDA:107,12,1,25
BRDA:118,13,0,7
BRDA:118,13,1,3
BRDA:118,14,0,10
BRDA:118,14,1,10
BRDA:122,15,0,3
BRDA:128,16,0,10
BRF:28
BRH:28
end_of_record
TN:
SF:src\behaviors\BComputedAndWatch\initComputed.ts
FN:19,isValidDependences
FN:31,getComputedInfo
FN:81,uniqueDependences
FN:118,_initComputed
FN:129,(anonymous_4)
FN:151,initComputed
FNF:6
FNH:6
FNDA:27,isValidDependences
FNDA:27,getComputedInfo
FNDA:20,uniqueDependences
FNDA:8,_initComputed
FNDA:102,(anonymous_4)
FNDA:10,initComputed
DA:5,10
DA:6,10
DA:7,10
DA:20,27
DA:23,37
DA:24,9
DA:28,18
DA:31,10
DA:38,27
DA:41,27
DA:55,27
DA:57,18
DA:59,18
DA:63,18
DA:68,9
DA:82,20
DA:85,6
DA:86,12
DA:87,12
DA:88,10
DA:90,10
DA:94,1
DA:96,1
DA:98,9
DA:102,1
DA:104,1
DA:109,4
DA:125,8
DA:126,27
DA:129,102
DA:131,27
DA:133,9
DA:135,18
DA:144,8
DA:145,4
DA:149,4
DA:151,10
DA:152,10
DA:154,10
DA:156,10
DA:158,4
DA:161,4
DA:169,4
DA:171,4
LF:44
LH:44
BRDA:23,0,0,9
BRDA:23,1,0,37
BRDA:23,1,1,9
BRDA:55,2,0,18
BRDA:55,2,1,9
BRDA:82,3,0,14
BRDA:90,4,0,1
BRDA:98,5,0,1
BRDA:122,6,0,4
BRDA:131,7,0,9
BRDA:131,7,1,18
BRDA:144,8,0,4
BRDA:152,9,0,6
BRDA:152,9,1,4
BRDA:152,10,0,10
BRDA:152,10,1,10
BRDA:156,11,0,4
BRF:17
BRH:17
end_of_record
TN:
SF:src\behaviors\BComputedAndWatch\isEqual.ts
FN:4,isEqual
FNF:1
FNH:1
FNDA:121,isEqual
DA:4,10
DA:5,121
DA:6,69
DA:9,52
DA:10,37
DA:12,15
DA:13,15
DA:20,15
DA:21,19
DA:22,11
DA:26,4
LF:11
LH:11
BRDA:5,0,0,69
BRDA:9,1,0,37
BRDA:9,2,0,52
BRDA:9,2,1,24
BRDA:9,2,2,24
BRDA:9,2,3,22
BRDA:21,3,0,11
BRDA:21,4,0,19
BRDA:21,4,1,19
BRF:9
BRH:9
end_of_record
TN:
SF:src\utils\InnerMarker.ts
FNF:0
FNH:0
DA:1,10
LF:1
LH:1
BRF:0
BRH:0
end_of_record
TN:
SF:src\utils\deepClone.ts
FN:4,deepClone
FNF:1
FNH:1
FNDA:304,deepClone
DA:4,10
DA:5,304
DA:6,181
DA:8,123
DA:10,123
DA:12,123
DA:13,255
DA:14,255
DA:18,123
LF:9
LH:9
BRDA:5,0,0,181
BRDA:5,1,0,304
BRDA:5,1,1,125
BRDA:8,2,0,11
BRDA:8,2,1,112
BRDA:13,3,0,255
BRF:6
BRH:6
end_of_record
TN:
SF:src\utils\deleteProtoField.ts
FN:4,deleteProtoField
FNF:1
FNH:1
FNDA:21,deleteProtoField
DA:4,10
DA:5,21
LF:2
LH:2
BRF:0
BRH:0
end_of_record
TN:
SF:src\utils\isEmptyObject.ts
FN:4,isEmptyObject
FNF:1
FNH:1
FNDA:43,isEmptyObject
DA:4,10
DA:5,43
DA:9,9
DA:12,34
LF:4
LH:4
BRDA:5,0,0,9
BRDA:6,1,0,43
BRDA:6,1,1,43
BRDA:6,1,2,43
BRDA:6,1,3,34
BRDA:6,1,4,34
BRDA:6,1,5,34
BRDA:6,1,6,34
BRF:8
BRH:8
end_of_record
